  [4;36;1mSQL (31.0ms)[0m   [0;1mSET NAMES 'utf8'[0m
  [4;35;1mSQL (16.0ms)[0m   [0mSET SQL_AUTO_IS_NULL=0[0m
  [4;36;1mSQL (78.0ms)[0m   [0;1mSHOW TABLES[0m
  [4;35;1mSQL (593.0ms)[0m   [0mCREATE TABLE `schema_migrations` (`version` varchar(255) NOT NULL) ENGINE=InnoDB[0m
  [4;36;1mSQL (438.0ms)[0m   [0;1mCREATE UNIQUE INDEX `unique_schema_migrations` ON `schema_migrations` (`version`)[0m
  [4;35;1mSQL (0.0ms)[0m   [0mSHOW TABLES[0m
  [4;36;1mSQL (0.0ms)[0m   [0;1mSELECT version FROM schema_migrations[0m
Migrating to CreatePosts (20100701063758)
  [4;35;1mSQL (63.0ms)[0m   [0mCREATE TABLE `posts` (`id` int(11) DEFAULT NULL auto_increment PRIMARY KEY, `title` varchar(255), `body` text, `created_at` datetime, `updated_at` datetime) ENGINE=InnoDB[0m
  [4;36;1mSQL (47.0ms)[0m   [0;1mINSERT INTO schema_migrations (version) VALUES ('20100701063758')[0m
Migrating to CreateComments (20100701070218)
  [4;35;1mSQL (63.0ms)[0m   [0mCREATE TABLE `comments` (`id` int(11) DEFAULT NULL auto_increment PRIMARY KEY, `name` varchar(255), `body` text, `post_id` int(11), `created_at` datetime, `updated_at` datetime) ENGINE=InnoDB[0m
  [4;36;1mSQL (31.0ms)[0m   [0;1mINSERT INTO schema_migrations (version) VALUES ('20100701070218')[0m
  [4;35;1mSQL (15.0ms)[0m   [0mSHOW TABLES[0m
  [4;36;1mSQL (0.0ms)[0m   [0;1mSELECT version FROM schema_migrations[0m
  [4;35;1mSQL (0.0ms)[0m   [0mSHOW TABLES[0m
  [4;36;1mSQL (141.0ms)[0m   [0;1mSHOW FIELDS FROM `comments`[0m
  [4;35;1mSQL (16.0ms)[0m   [0mdescribe `comments`[0m
  [4;36;1mSQL (15.0ms)[0m   [0;1mSHOW KEYS FROM `comments`[0m
  [4;35;1mSQL (0.0ms)[0m   [0mSHOW FIELDS FROM `posts`[0m
  [4;36;1mSQL (47.0ms)[0m   [0;1mdescribe `posts`[0m
  [4;35;1mSQL (47.0ms)[0m   [0mSHOW KEYS FROM `posts`[0m
  [4;36;1mSQL (0.0ms)[0m   [0;1mSET NAMES 'utf8'[0m
  [4;35;1mSQL (0.0ms)[0m   [0mSET SQL_AUTO_IS_NULL=0[0m


Processing PostsController#index (for 127.0.0.1 at 2010-07-01 12:50:18) [GET]
  [4;36;1mPost Load (0.0ms)[0m   [0;1mSELECT * FROM `posts` [0m
Rendering template within layouts/posts
Rendering posts/index
Completed in 10187ms (View: 9703, DB: 0) | 200 OK [http://localhost/posts]
  [4;35;1mSQL (0.0ms)[0m   [0mSET NAMES 'utf8'[0m
  [4;36;1mSQL (0.0ms)[0m   [0;1mSET SQL_AUTO_IS_NULL=0[0m


Processing PostsController#new (for 127.0.0.1 at 2010-07-01 12:51:02) [GET]
  [4;35;1mPost Columns (78.0ms)[0m   [0mSHOW FIELDS FROM `posts`[0m
Rendering template within layouts/posts
Rendering posts/new
Completed in 344ms (View: 188, DB: 78) | 200 OK [http://localhost/posts/new]
  [4;36;1mSQL (0.0ms)[0m   [0;1mSET NAMES 'utf8'[0m
  [4;35;1mSQL (0.0ms)[0m   [0mSET SQL_AUTO_IS_NULL=0[0m


Processing ApplicationController#index (for 127.0.0.1 at 2010-07-01 12:56:48) [GET]

NameError (uninitialized constant PostController):
  

Rendered rescues/_trace (547.0ms)
Rendered rescues/_request_and_response (16.0ms)
Rendering rescues/layout (internal_server_error)
  [4;36;1mSQL (0.0ms)[0m   [0;1mSET NAMES 'utf8'[0m
  [4;35;1mSQL (0.0ms)[0m   [0mSET SQL_AUTO_IS_NULL=0[0m


Processing PostsController#index (for 127.0.0.1 at 2010-07-01 12:57:33) [GET]
  [4;36;1mPost Load (0.0ms)[0m   [0;1mSELECT * FROM `posts` [0m
Rendering template within layouts/posts
Rendering posts/index
Completed in 3484ms (View: 3031, DB: 0) | 200 OK [http://localhost/]
  [4;35;1mSQL (0.0ms)[0m   [0mSET NAMES 'utf8'[0m
  [4;36;1mSQL (0.0ms)[0m   [0;1mSET SQL_AUTO_IS_NULL=0[0m


Processing PostsController#new (for 127.0.0.1 at 2010-07-01 14:09:51) [GET]
  [4;35;1mPost Columns (16.0ms)[0m   [0mSHOW FIELDS FROM `posts`[0m
Rendering template within layouts/posts
Rendering posts/new
Completed in 437ms (View: 390, DB: 16) | 200 OK [http://localhost/posts/new]
  [4;36;1mSQL (0.0ms)[0m   [0;1mSET NAMES 'utf8'[0m
  [4;35;1mSQL (0.0ms)[0m   [0mSET SQL_AUTO_IS_NULL=0[0m


Processing PostsController#create (for 127.0.0.1 at 2010-07-01 14:10:22) [POST]
  Parameters: {"commit"=>"Create", "authenticity_token"=>"5HmHYL4wR9QI3uQfrd2EXL+2Ql8SvBBxHLgqOcyH4kw=", "post"=>{"body"=>"djdfhs fhdhsjjdfs djksk aklshdahsdklh ", "title"=>"deployment"}}
  [4;36;1mPost Columns (15.0ms)[0m   [0;1mSHOW FIELDS FROM `posts`[0m
  [4;35;1mSQL (94.0ms)[0m   [0mBEGIN[0m
  [4;36;1mPost Create (16.0ms)[0m   [0;1mINSERT INTO `posts` (`updated_at`, `title`, `body`, `created_at`) VALUES('2010-07-01 08:40:23', 'deployment', 'djdfhs fhdhsjjdfs djksk aklshdahsdklh ', '2010-07-01 08:40:23')[0m
  [4;35;1mSQL (0.0ms)[0m   [0mCOMMIT[0m
Redirected to http://localhost:3000/posts/1
Completed in 219ms (DB: 125) | 302 Found [http://localhost/posts]
  [4;36;1mSQL (0.0ms)[0m   [0;1mSET NAMES 'utf8'[0m
  [4;35;1mSQL (0.0ms)[0m   [0mSET SQL_AUTO_IS_NULL=0[0m


Processing PostsController#show (for 127.0.0.1 at 2010-07-01 14:10:23) [GET]
  Parameters: {"id"=>"1"}
  [4;36;1mPost Columns (0.0ms)[0m   [0;1mSHOW FIELDS FROM `posts`[0m
  [4;35;1mPost Load (78.0ms)[0m   [0mSELECT * FROM `posts` WHERE (`posts`.`id` = 1) [0m
Rendering template within layouts/posts
Rendering posts/show
Completed in 484ms (View: 250, DB: 78) | 200 OK [http://localhost/posts/1]
  [4;36;1mSQL (0.0ms)[0m   [0;1mSET NAMES 'utf8'[0m
  [4;35;1mSQL (0.0ms)[0m   [0mSET SQL_AUTO_IS_NULL=0[0m


Processing PostsController#index (for 127.0.0.1 at 2010-07-01 14:10:27) [GET]
  [4;36;1mPost Load (0.0ms)[0m   [0;1mSELECT * FROM `posts` [0m
Rendering template within layouts/posts
Rendering posts/index
  [4;35;1mPost Columns (0.0ms)[0m   [0mSHOW FIELDS FROM `posts`[0m
Completed in 297ms (View: 93, DB: 0) | 200 OK [http://localhost/posts]
  [4;36;1mSQL (0.0ms)[0m   [0;1mSET NAMES 'utf8'[0m
  [4;35;1mSQL (0.0ms)[0m   [0mSET SQL_AUTO_IS_NULL=0[0m


Processing PostsController#index (for 127.0.0.1 at 2010-07-01 14:19:57) [GET]
  [4;36;1mPost Load (0.0ms)[0m   [0;1mSELECT * FROM `posts` [0m
Rendering template within layouts/posts
Rendering posts/index
  [4;35;1mPost Columns (62.0ms)[0m   [0mSHOW FIELDS FROM `posts`[0m
Completed in 453ms (View: 110, DB: 62) | 200 OK [http://localhost/posts]
  [4;36;1mSQL (0.0ms)[0m   [0;1mSET NAMES 'utf8'[0m
  [4;35;1mSQL (0.0ms)[0m   [0mSET SQL_AUTO_IS_NULL=0[0m


Processing PostsController#new (for 127.0.0.1 at 2010-07-01 14:20:00) [GET]
  [4;36;1mPost Columns (47.0ms)[0m   [0;1mSHOW FIELDS FROM `posts`[0m
Rendering template within layouts/posts
Rendering posts/new
Completed in 391ms (View: 172, DB: 47) | 200 OK [http://localhost/posts/new]
  [4;35;1mSQL (0.0ms)[0m   [0mSET NAMES 'utf8'[0m
  [4;36;1mSQL (0.0ms)[0m   [0;1mSET SQL_AUTO_IS_NULL=0[0m


Processing PostsController#index (for 127.0.0.1 at 2010-07-01 14:20:04) [GET]
  [4;35;1mPost Load (0.0ms)[0m   [0mSELECT * FROM `posts` [0m
Rendering template within layouts/posts
Rendering posts/index
  [4;36;1mPost Columns (16.0ms)[0m   [0;1mSHOW FIELDS FROM `posts`[0m
Completed in 235ms (View: 125, DB: 16) | 200 OK [http://localhost/posts]
  [4;35;1mSQL (0.0ms)[0m   [0mSET NAMES 'utf8'[0m
  [4;36;1mSQL (0.0ms)[0m   [0;1mSET SQL_AUTO_IS_NULL=0[0m


Processing PostsController#show (for 127.0.0.1 at 2010-07-01 14:20:10) [GET]
  Parameters: {"id"=>"1"}
  [4;35;1mPost Columns (16.0ms)[0m   [0mSHOW FIELDS FROM `posts`[0m
  [4;36;1mPost Load (47.0ms)[0m   [0;1mSELECT * FROM `posts` WHERE (`posts`.`id` = 1) [0m
Rendering template within layouts/posts
Rendering posts/show
  [4;35;1mComment Load (16.0ms)[0m   [0mSELECT * FROM `comments` WHERE (`comments`.post_id = 1) [0m
  [4;36;1mComment Columns (125.0ms)[0m   [0;1mSHOW FIELDS FROM `comments`[0m

ActionView::TemplateError (undefined method `post_comments_path' for #<ActionView::Base:0x4637514>) on line #25 of app/views/posts/show.html.erb:
22:   </p>
23: <% end %>
24: 
25: <% form_for [@post, Comment.new] do |f| %>
26:   <p>
27: 
28:     <%= f.label :name, "Author" %><br />

    app/views/posts/show.html.erb:25
    app/controllers/posts_controller.rb:18:in `show'

Rendered rescues/_trace (1188.0ms)
Rendered rescues/_request_and_response (0.0ms)
Rendering rescues/layout (internal_server_error)
  [4;35;1mSQL (0.0ms)[0m   [0mSET NAMES 'utf8'[0m
  [4;36;1mSQL (0.0ms)[0m   [0;1mSET SQL_AUTO_IS_NULL=0[0m


Processing PostsController#index (for 127.0.0.1 at 2010-07-01 15:06:19) [GET]
  [4;35;1mPost Load (94.0ms)[0m   [0mSELECT * FROM `posts` [0m
Rendering template within layouts/posts
Rendering posts/index
  [4;36;1mPost Columns (109.0ms)[0m   [0;1mSHOW FIELDS FROM `posts`[0m
Completed in 8000ms (View: 3547, DB: 203) | 200 OK [http://localhost/posts]
  [4;35;1mSQL (0.0ms)[0m   [0mSET NAMES 'utf8'[0m
  [4;36;1mSQL (16.0ms)[0m   [0;1mSET SQL_AUTO_IS_NULL=0[0m


Processing PostsController#show (for 127.0.0.1 at 2010-07-01 15:22:10) [GET]
  Parameters: {"id"=>"1"}
  [4;35;1mPost Columns (78.0ms)[0m   [0mSHOW FIELDS FROM `posts`[0m
  [4;36;1mPost Load (0.0ms)[0m   [0;1mSELECT * FROM `posts` WHERE (`posts`.`id` = 1) [0m
Rendering template within layouts/posts
Rendering posts/show
  [4;35;1mComment Load (16.0ms)[0m   [0mSELECT * FROM `comments` WHERE (`comments`.post_id = 1) [0m
  [4;36;1mComment Columns (31.0ms)[0m   [0;1mSHOW FIELDS FROM `comments`[0m

ActionView::TemplateError (undefined method `post_comments_path' for #<ActionView::Base:0x46903a8>) on line #25 of app/views/posts/show.html.erb:
22:   </p>
23: <% end %>
24: 
25: <% form_for [@post, Comment.new] do |f| %>
26:   <p>
27: 
28:     <%= f.label :name, "Author" %><br />

    app/views/posts/show.html.erb:25
    app/controllers/posts_controller.rb:18:in `show'

Rendered rescues/_trace (562.0ms)
Rendered rescues/_request_and_response (141.0ms)
Rendering rescues/layout (internal_server_error)
  [4;35;1mSQL (0.0ms)[0m   [0mSET NAMES 'utf8'[0m
  [4;36;1mSQL (0.0ms)[0m   [0;1mSET SQL_AUTO_IS_NULL=0[0m


Processing PostsController#show (for 127.0.0.1 at 2010-07-01 15:22:55) [GET]
  Parameters: {"id"=>"1"}
  [4;35;1mPost Columns (32.0ms)[0m   [0mSHOW FIELDS FROM `posts`[0m
  [4;36;1mPost Load (31.0ms)[0m   [0;1mSELECT * FROM `posts` WHERE (`posts`.`id` = 1) [0m
Rendering template within layouts/posts
Rendering posts/show
  [4;35;1mComment Load (16.0ms)[0m   [0mSELECT * FROM `comments` WHERE (`comments`.post_id = 1) [0m
  [4;36;1mComment Columns (16.0ms)[0m   [0;1mSHOW FIELDS FROM `comments`[0m

ActionView::TemplateError (undefined method `post_comments_path' for #<ActionView::Base:0x4709410>) on line #25 of app/views/posts/show.html.erb:
22:   </p>
23: <% end %>
24: 
25: <% form_for [@post, Comment.new] do |f| %>
26:   <p>
27: 
28:     <%= f.label :name, "Author" %><br />

    app/views/posts/show.html.erb:25
    app/controllers/posts_controller.rb:18:in `show'

Rendered rescues/_trace (891.0ms)
Rendered rescues/_request_and_response (0.0ms)
Rendering rescues/layout (internal_server_error)
  [4;35;1mSQL (0.0ms)[0m   [0mSET NAMES 'utf8'[0m
  [4;36;1mSQL (0.0ms)[0m   [0;1mSET SQL_AUTO_IS_NULL=0[0m


Processing PostsController#show (for 127.0.0.1 at 2010-07-01 15:23:15) [GET]
  Parameters: {"id"=>"1"}
  [4;35;1mPost Columns (31.0ms)[0m   [0mSHOW FIELDS FROM `posts`[0m
  [4;36;1mPost Load (140.0ms)[0m   [0;1mSELECT * FROM `posts` WHERE (`posts`.`id` = 1) [0m
Rendering template within layouts/posts
Rendering posts/show
  [4;35;1mComment Load (0.0ms)[0m   [0mSELECT * FROM `comments` WHERE (`comments`.post_id = 1) [0m
Completed in 547ms (View: 250, DB: 171) | 200 OK [http://localhost/posts/1]
  [4;36;1mSQL (0.0ms)[0m   [0;1mSET NAMES 'utf8'[0m
  [4;35;1mSQL (0.0ms)[0m   [0mSET SQL_AUTO_IS_NULL=0[0m


Processing PostsController#show (for 127.0.0.1 at 2010-07-01 15:25:02) [GET]
  Parameters: {"id"=>"1"}
  [4;36;1mPost Columns (16.0ms)[0m   [0;1mSHOW FIELDS FROM `posts`[0m
  [4;35;1mPost Load (31.0ms)[0m   [0mSELECT * FROM `posts` WHERE (`posts`.`id` = 1) [0m
Rendering template within layouts/posts
Rendering posts/show
  [4;36;1mComment Load (0.0ms)[0m   [0;1mSELECT * FROM `comments` WHERE (`comments`.post_id = 1) [0m
  [4;35;1mComment Columns (47.0ms)[0m   [0mSHOW FIELDS FROM `comments`[0m

ActionView::TemplateError (undefined method `post_comments_path' for #<ActionView::Base:0x46df46c>) on line #25 of app/views/posts/show.html.erb:
22:   </p>
23: <% end %>
24: 
25: <% form_for [@post, Comment.new] do |f| %>
26:   <p>
27: 
28:     <%= f.label :name, "Author" %><br />

    app/views/posts/show.html.erb:25
    app/controllers/posts_controller.rb:18:in `show'

Rendered rescues/_trace (781.0ms)
Rendered rescues/_request_and_response (0.0ms)
Rendering rescues/layout (internal_server_error)
  [4;36;1mSQL (0.0ms)[0m   [0;1mSET NAMES 'utf8'[0m
  [4;35;1mSQL (0.0ms)[0m   [0mSET SQL_AUTO_IS_NULL=0[0m


Processing PostsController#show (for 127.0.0.1 at 2010-07-01 15:26:36) [GET]
  Parameters: {"id"=>"1"}
  [4;36;1mPost Columns (31.0ms)[0m   [0;1mSHOW FIELDS FROM `posts`[0m
  [4;35;1mPost Load (47.0ms)[0m   [0mSELECT * FROM `posts` WHERE (`posts`.`id` = 1) [0m
Rendering template within layouts/posts
Rendering posts/show
  [4;36;1mComment Load (0.0ms)[0m   [0;1mSELECT * FROM `comments` WHERE (`comments`.post_id = 1) [0m

ActionView::TemplateError (undefined method `name' for #<Post:0x471adc8>) on line #29 of app/views/posts/show.html.erb:
26:   <p>
27: 
28:     <%= f.label :name, "Author" %><br />
29:     <%= f.text_field :name %><br />
30:     <%= f.label :body, "Comment Description" %><br />
31:     <%= f.text_area :body %>
32:   </p>

    app/views/posts/show.html.erb:29
    app/views/posts/show.html.erb:25
    app/controllers/posts_controller.rb:18:in `show'

Rendered rescues/_trace (922.0ms)
Rendered rescues/_request_and_response (0.0ms)
Rendering rescues/layout (internal_server_error)
  [4;35;1mSQL (0.0ms)[0m   [0mSET NAMES 'utf8'[0m
  [4;36;1mSQL (0.0ms)[0m   [0;1mSET SQL_AUTO_IS_NULL=0[0m


Processing PostsController#show (for 127.0.0.1 at 2010-07-01 15:27:04) [GET]
  Parameters: {"id"=>"1"}
  [4;35;1mPost Columns (0.0ms)[0m   [0mSHOW FIELDS FROM `posts`[0m
  [4;36;1mPost Load (79.0ms)[0m   [0;1mSELECT * FROM `posts` WHERE (`posts`.`id` = 1) [0m
Rendering template within layouts/posts
Rendering posts/show
  [4;35;1mComment Load (0.0ms)[0m   [0mSELECT * FROM `comments` WHERE (`comments`.post_id = 1) [0m

ActionView::TemplateError (undefined local variable or method `comment' for #<ActionView::Base:0x474b540>) on line #25 of app/views/posts/show.html.erb:
22:   </p>
23: <% end %>
24: 
25: <% form_for @post [comment.new]do |f| %>
26:   <p>
27: 
28:     <%= f.label :name, "Author" %><br />

    app/views/posts/show.html.erb:25
    app/controllers/posts_controller.rb:18:in `show'

Rendered rescues/_trace (2469.0ms)
Rendered rescues/_request_and_response (0.0ms)
Rendering rescues/layout (internal_server_error)
  [4;36;1mSQL (0.0ms)[0m   [0;1mSET NAMES 'utf8'[0m
  [4;35;1mSQL (0.0ms)[0m   [0mSET SQL_AUTO_IS_NULL=0[0m


Processing PostsController#show (for 127.0.0.1 at 2010-07-01 15:27:44) [GET]
  Parameters: {"id"=>"1"}
  [4;36;1mPost Columns (47.0ms)[0m   [0;1mSHOW FIELDS FROM `posts`[0m
  [4;35;1mPost Load (0.0ms)[0m   [0mSELECT * FROM `posts` WHERE (`posts`.`id` = 1) [0m
Rendering template within layouts/posts
Rendering posts/show
  [4;36;1mComment Load (0.0ms)[0m   [0;1mSELECT * FROM `comments` WHERE (`comments`.post_id = 1) [0m
  [4;35;1mComment Columns (15.0ms)[0m   [0mSHOW FIELDS FROM `comments`[0m

ActionView::TemplateError (undefined method `post_comments_path' for #<ActionView::Base:0x4782ef0>) on line #25 of app/views/posts/show.html.erb:
22:   </p>
23: <% end %>
24: 
25: <% form_for  [@post ,Comment.new] do |f| %>
26:   <p>
27: 
28:     <%= f.label :name, "Author" %><br />

    app/views/posts/show.html.erb:25
    app/controllers/posts_controller.rb:18:in `show'

Rendered rescues/_trace (2781.0ms)
Rendered rescues/_request_and_response (0.0ms)
Rendering rescues/layout (internal_server_error)
  [4;36;1mSQL (0.0ms)[0m   [0;1mSET NAMES 'utf8'[0m
  [4;35;1mSQL (0.0ms)[0m   [0mSET SQL_AUTO_IS_NULL=0[0m


Processing PostsController#show (for 127.0.0.1 at 2010-07-01 15:28:43) [GET]
  Parameters: {"id"=>"1"}
  [4;36;1mPost Columns (31.0ms)[0m   [0;1mSHOW FIELDS FROM `posts`[0m
  [4;35;1mPost Load (15.0ms)[0m   [0mSELECT * FROM `posts` WHERE (`posts`.`id` = 1) [0m
Rendering template within layouts/posts
Rendering posts/show
  [4;36;1mComment Load (0.0ms)[0m   [0;1mSELECT * FROM `comments` WHERE (`comments`.post_id = 1) [0m
  [4;35;1mComment Columns (16.0ms)[0m   [0mSHOW FIELDS FROM `comments`[0m

ActionView::TemplateError (undefined method `post_comments_path' for #<ActionView::Base:0x47acd18>) on line #25 of app/views/posts/show.html.erb:
22:   </p>
23: <% end %>
24: 
25: <% form_for  [@post ,Comment.new] do |f| %>
26:   <p>
27: 
28:     <%= f.label :name, "Author" %><br />

    app/views/posts/show.html.erb:25
    app/controllers/posts_controller.rb:18:in `show'

Rendered rescues/_trace (1969.0ms)
Rendered rescues/_request_and_response (15.0ms)
Rendering rescues/layout (internal_server_error)
  [4;36;1mSQL (0.0ms)[0m   [0;1mSET NAMES 'utf8'[0m
  [4;35;1mSQL (0.0ms)[0m   [0mSET SQL_AUTO_IS_NULL=0[0m


Processing PostsController#index (for 127.0.0.1 at 2010-07-01 15:37:14) [GET]
  [4;36;1mPost Load (0.0ms)[0m   [0;1mSELECT * FROM `posts` [0m
Rendering template within layouts/posts
Rendering posts/index
  [4;35;1mPost Columns (16.0ms)[0m   [0mSHOW FIELDS FROM `posts`[0m
Completed in 6672ms (View: 6297, DB: 16) | 200 OK [http://localhost/]
  [4;36;1mSQL (0.0ms)[0m   [0;1mSET NAMES 'utf8'[0m
  [4;35;1mSQL (0.0ms)[0m   [0mSET SQL_AUTO_IS_NULL=0[0m


Processing PostsController#show (for 127.0.0.1 at 2010-07-01 15:37:24) [GET]
  Parameters: {"id"=>"1"}
  [4;36;1mPost Columns (32.0ms)[0m   [0;1mSHOW FIELDS FROM `posts`[0m
  [4;35;1mPost Load (31.0ms)[0m   [0mSELECT * FROM `posts` WHERE (`posts`.`id` = 1) [0m
Rendering template within layouts/posts
Rendering posts/show
  [4;36;1mComment Load (16.0ms)[0m   [0;1mSELECT * FROM `comments` WHERE (`comments`.post_id = 1) [0m
  [4;35;1mComment Columns (31.0ms)[0m   [0mSHOW FIELDS FROM `comments`[0m
Completed in 594ms (View: 406, DB: 110) | 200 OK [http://localhost/posts/1]
  [4;36;1mSQL (0.0ms)[0m   [0;1mSET NAMES 'utf8'[0m
  [4;35;1mSQL (0.0ms)[0m   [0mSET SQL_AUTO_IS_NULL=0[0m


Processing CommentsController#create (for 127.0.0.1 at 2010-07-01 15:37:50) [POST]
  Parameters: {"post_id"=>"1", "authenticity_token"=>"yKBkxfCBNcMsEDc7W6Dy7MTfqEJWZkQO2zmDxVvCvjY=", "comment"=>{"name"=>"rahul", "body"=>""}}
  [4;36;1mPost Columns (15.0ms)[0m   [0;1mSHOW FIELDS FROM `posts`[0m
  [4;35;1mPost Load (31.0ms)[0m   [0mSELECT * FROM `posts` WHERE (`posts`.`id` = 1) [0m
  [4;36;1mComment Columns (0.0ms)[0m   [0;1mSHOW FIELDS FROM `comments`[0m
  [4;35;1mSQL (31.0ms)[0m   [0mBEGIN[0m
  [4;36;1mComment Create (0.0ms)[0m   [0;1mINSERT INTO `comments` (`name`, `updated_at`, `body`, `post_id`, `created_at`) VALUES('rahul', '2010-07-01 10:07:50', '', 1, '2010-07-01 10:07:50')[0m
  [4;35;1mSQL (0.0ms)[0m   [0mCOMMIT[0m
Redirected to http://localhost:3000/posts/1
Completed in 218ms (DB: 77) | 302 Found [http://localhost/posts/1/comments]
  [4;36;1mSQL (0.0ms)[0m   [0;1mSET NAMES 'utf8'[0m
  [4;35;1mSQL (0.0ms)[0m   [0mSET SQL_AUTO_IS_NULL=0[0m


Processing PostsController#show (for 127.0.0.1 at 2010-07-01 15:37:51) [GET]
  Parameters: {"id"=>"1"}
  [4;36;1mPost Columns (31.0ms)[0m   [0;1mSHOW FIELDS FROM `posts`[0m
  [4;35;1mPost Load (32.0ms)[0m   [0mSELECT * FROM `posts` WHERE (`posts`.`id` = 1) [0m
Rendering template within layouts/posts
Rendering posts/show
  [4;36;1mComment Load (0.0ms)[0m   [0;1mSELECT * FROM `comments` WHERE (`comments`.post_id = 1) [0m
  [4;35;1mComment Columns (32.0ms)[0m   [0mSHOW FIELDS FROM `comments`[0m
Completed in 2375ms (View: 1952, DB: 95) | 200 OK [http://localhost/posts/1]
  [4;36;1mSQL (0.0ms)[0m   [0;1mSET NAMES 'utf8'[0m
  [4;35;1mSQL (0.0ms)[0m   [0mSET SQL_AUTO_IS_NULL=0[0m


Processing CommentsController#create (for 127.0.0.1 at 2010-07-01 15:38:10) [POST]
  Parameters: {"commit"=>"Add Comment", "post_id"=>"1", "authenticity_token"=>"yKBkxfCBNcMsEDc7W6Dy7MTfqEJWZkQO2zmDxVvCvjY=", "comment"=>{"name"=>"anil", "body"=>"nice article"}}
  [4;36;1mPost Columns (15.0ms)[0m   [0;1mSHOW FIELDS FROM `posts`[0m
  [4;35;1mPost Load (16.0ms)[0m   [0mSELECT * FROM `posts` WHERE (`posts`.`id` = 1) [0m
  [4;36;1mComment Columns (31.0ms)[0m   [0;1mSHOW FIELDS FROM `comments`[0m
  [4;35;1mSQL (62.0ms)[0m   [0mBEGIN[0m
  [4;36;1mComment Create (16.0ms)[0m   [0;1mINSERT INTO `comments` (`name`, `updated_at`, `body`, `post_id`, `created_at`) VALUES('anil', '2010-07-01 10:08:10', 'nice article', 1, '2010-07-01 10:08:10')[0m
  [4;35;1mSQL (31.0ms)[0m   [0mCOMMIT[0m
Redirected to http://localhost:3000/posts/1
Completed in 312ms (DB: 171) | 302 Found [http://localhost/posts/1/comments]
  [4;36;1mSQL (0.0ms)[0m   [0;1mSET NAMES 'utf8'[0m
  [4;35;1mSQL (0.0ms)[0m   [0mSET SQL_AUTO_IS_NULL=0[0m


Processing PostsController#show (for 127.0.0.1 at 2010-07-01 15:38:11) [GET]
  Parameters: {"id"=>"1"}
  [4;36;1mPost Columns (0.0ms)[0m   [0;1mSHOW FIELDS FROM `posts`[0m
  [4;35;1mPost Load (16.0ms)[0m   [0mSELECT * FROM `posts` WHERE (`posts`.`id` = 1) [0m
Rendering template within layouts/posts
Rendering posts/show
  [4;36;1mComment Load (0.0ms)[0m   [0;1mSELECT * FROM `comments` WHERE (`comments`.post_id = 1) [0m
  [4;35;1mComment Columns (32.0ms)[0m   [0mSHOW FIELDS FROM `comments`[0m
Completed in 390ms (View: 296, DB: 48) | 200 OK [http://localhost/posts/1]
  [4;36;1mSQL (0.0ms)[0m   [0;1mSET NAMES 'utf8'[0m
  [4;35;1mSQL (0.0ms)[0m   [0mSET SQL_AUTO_IS_NULL=0[0m


Processing CommentsController#create (for 127.0.0.1 at 2010-07-01 15:38:54) [POST]
  Parameters: {"commit"=>"Add Comment", "post_id"=>"1", "authenticity_token"=>"yKBkxfCBNcMsEDc7W6Dy7MTfqEJWZkQO2zmDxVvCvjY=", "comment"=>{"name"=>"amit", "body"=>"less articles are available in this"}}
  [4;36;1mPost Columns (47.0ms)[0m   [0;1mSHOW FIELDS FROM `posts`[0m
  [4;35;1mPost Load (15.0ms)[0m   [0mSELECT * FROM `posts` WHERE (`posts`.`id` = 1) [0m
  [4;36;1mComment Columns (32.0ms)[0m   [0;1mSHOW FIELDS FROM `comments`[0m
  [4;35;1mSQL (0.0ms)[0m   [0mBEGIN[0m
  [4;36;1mComment Create (0.0ms)[0m   [0;1mINSERT INTO `comments` (`name`, `updated_at`, `body`, `post_id`, `created_at`) VALUES('amit', '2010-07-01 10:08:54', 'less articles are available in this', 1, '2010-07-01 10:08:54')[0m
  [4;35;1mSQL (0.0ms)[0m   [0mCOMMIT[0m
Redirected to http://localhost:3000/posts/1
Completed in 172ms (DB: 94) | 302 Found [http://localhost/posts/1/comments]
  [4;36;1mSQL (16.0ms)[0m   [0;1mSET NAMES 'utf8'[0m
  [4;35;1mSQL (0.0ms)[0m   [0mSET SQL_AUTO_IS_NULL=0[0m


Processing PostsController#show (for 127.0.0.1 at 2010-07-01 15:38:55) [GET]
  Parameters: {"id"=>"1"}
  [4;36;1mPost Columns (0.0ms)[0m   [0;1mSHOW FIELDS FROM `posts`[0m
  [4;35;1mPost Load (31.0ms)[0m   [0mSELECT * FROM `posts` WHERE (`posts`.`id` = 1) [0m
Rendering template within layouts/posts
Rendering posts/show
  [4;36;1mComment Load (0.0ms)[0m   [0;1mSELECT * FROM `comments` WHERE (`comments`.post_id = 1) [0m
  [4;35;1mComment Columns (32.0ms)[0m   [0mSHOW FIELDS FROM `comments`[0m
Completed in 265ms (View: 139, DB: 79) | 200 OK [http://localhost/posts/1]
  [4;36;1mSQL (0.0ms)[0m   [0;1mSET NAMES 'utf8'[0m
  [4;35;1mSQL (0.0ms)[0m   [0mSET SQL_AUTO_IS_NULL=0[0m


Processing PostsController#show (for 127.0.0.1 at 2010-07-01 15:48:30) [GET]
  Parameters: {"id"=>"1"}
  [4;36;1mPost Columns (47.0ms)[0m   [0;1mSHOW FIELDS FROM `posts`[0m
  [4;35;1mPost Load (0.0ms)[0m   [0mSELECT * FROM `posts` WHERE (`posts`.`id` = 1) [0m
Rendering template within layouts/posts
Rendering posts/show
  [4;36;1mComment Load (0.0ms)[0m   [0;1mSELECT * FROM `comments` WHERE (`comments`.post_id = 1) [0m
  [4;35;1mComment Columns (16.0ms)[0m   [0mSHOW FIELDS FROM `comments`[0m
Completed in 1922ms (View: 1593, DB: 63) | 200 OK [http://localhost/posts/1]
  [4;36;1mSQL (0.0ms)[0m   [0;1mSET NAMES 'utf8'[0m
  [4;35;1mSQL (0.0ms)[0m   [0mSET SQL_AUTO_IS_NULL=0[0m


Processing CommentsController#create (for 127.0.0.1 at 2010-07-01 15:49:23) [POST]
  Parameters: {"commit"=>"Add Comment", "post_id"=>"1", "authenticity_token"=>"yKBkxfCBNcMsEDc7W6Dy7MTfqEJWZkQO2zmDxVvCvjY=", "comment"=>{"name"=>"shital", "body"=>"ok"}}
  [4;36;1mPost Columns (32.0ms)[0m   [0;1mSHOW FIELDS FROM `posts`[0m
  [4;35;1mPost Load (0.0ms)[0m   [0mSELECT * FROM `posts` WHERE (`posts`.`id` = 1) [0m
  [4;36;1mComment Columns (16.0ms)[0m   [0;1mSHOW FIELDS FROM `comments`[0m
  [4;35;1mSQL (31.0ms)[0m   [0mBEGIN[0m
  [4;36;1mComment Create (16.0ms)[0m   [0;1mINSERT INTO `comments` (`name`, `updated_at`, `body`, `post_id`, `created_at`) VALUES('shital', '2010-07-01 10:19:23', 'ok', 1, '2010-07-01 10:19:23')[0m
  [4;35;1mSQL (0.0ms)[0m   [0mCOMMIT[0m
Redirected to http://localhost:3000/posts/1
Completed in 203ms (DB: 95) | 302 Found [http://localhost/posts/1/comments]
  [4;36;1mSQL (0.0ms)[0m   [0;1mSET NAMES 'utf8'[0m
  [4;35;1mSQL (0.0ms)[0m   [0mSET SQL_AUTO_IS_NULL=0[0m


Processing PostsController#show (for 127.0.0.1 at 2010-07-01 15:49:23) [GET]
  Parameters: {"id"=>"1"}
  [4;36;1mPost Columns (0.0ms)[0m   [0;1mSHOW FIELDS FROM `posts`[0m
  [4;35;1mPost Load (15.0ms)[0m   [0mSELECT * FROM `posts` WHERE (`posts`.`id` = 1) [0m
Rendering template within layouts/posts
Rendering posts/show
  [4;36;1mComment Load (0.0ms)[0m   [0;1mSELECT * FROM `comments` WHERE (`comments`.post_id = 1) [0m
  [4;35;1mComment Columns (31.0ms)[0m   [0mSHOW FIELDS FROM `comments`[0m
Completed in 250ms (View: 157, DB: 46) | 200 OK [http://localhost/posts/1]
  [4;36;1mSQL (0.0ms)[0m   [0;1mSET NAMES 'utf8'[0m
  [4;35;1mSQL (0.0ms)[0m   [0mSET SQL_AUTO_IS_NULL=0[0m


Processing PostsController#show (for 127.0.0.1 at 2010-07-01 15:51:59) [GET]
  Parameters: {"id"=>"1"}
  [4;36;1mPost Columns (31.0ms)[0m   [0;1mSHOW FIELDS FROM `posts`[0m
  [4;35;1mPost Load (16.0ms)[0m   [0mSELECT * FROM `posts` WHERE (`posts`.`id` = 1) [0m
Rendering template within layouts/posts
Rendering posts/show
  [4;36;1mComment Load (0.0ms)[0m   [0;1mSELECT * FROM `comments` WHERE (`comments`.post_id = 1) [0m
  [4;35;1mComment Columns (16.0ms)[0m   [0mSHOW FIELDS FROM `comments`[0m
Completed in 266ms (View: 140, DB: 63) | 200 OK [http://localhost/posts/1]
/!\ FAILSAFE /!\  Sun Jun 06 11:04:46 +0530 2010
  Status: 500 Internal Server Error
  Access denied for user 'root'@'localhost' (using password: NO)
    c:/ruby/lib/ruby/gems/1.8/gems/activerecord-2.3.5/lib/active_record/connection_adapters/mysql_adapter.rb:589:in `real_connect'
    c:/ruby/lib/ruby/gems/1.8/gems/activerecord-2.3.5/lib/active_record/connection_adapters/mysql_adapter.rb:589:in `connect'
    c:/ruby/lib/ruby/gems/1.8/gems/activerecord-2.3.5/lib/active_record/connection_adapters/mysql_adapter.rb:203:in `initialize'
    c:/ruby/lib/ruby/gems/1.8/gems/activerecord-2.3.5/lib/active_record/connection_adapters/mysql_adapter.rb:75:in `new'
    c:/ruby/lib/ruby/gems/1.8/gems/activerecord-2.3.5/lib/active_record/connection_adapters/mysql_adapter.rb:75:in `mysql_connection'
    c:/ruby/lib/ruby/gems/1.8/gems/activerecord-2.3.5/lib/active_record/connection_adapters/abstract/connection_pool.rb:223:in `send'
    c:/ruby/lib/ruby/gems/1.8/gems/activerecord-2.3.5/lib/active_record/connection_adapters/abstract/connection_pool.rb:223:in `new_connection'
    c:/ruby/lib/ruby/gems/1.8/gems/activerecord-2.3.5/lib/active_record/connection_adapters/abstract/connection_pool.rb:245:in `checkout_new_connection'
    c:/ruby/lib/ruby/gems/1.8/gems/activerecord-2.3.5/lib/active_record/connection_adapters/abstract/connection_pool.rb:188:in `checkout'
    c:/ruby/lib/ruby/gems/1.8/gems/activerecord-2.3.5/lib/active_record/connection_adapters/abstract/connection_pool.rb:184:in `loop'
    c:/ruby/lib/ruby/gems/1.8/gems/activerecord-2.3.5/lib/active_record/connection_adapters/abstract/connection_pool.rb:184:in `checkout'
    c:/ruby/lib/ruby/1.8/monitor.rb:242:in `synchronize'
    c:/ruby/lib/ruby/gems/1.8/gems/activerecord-2.3.5/lib/active_record/connection_adapters/abstract/connection_pool.rb:183:in `checkout'
    c:/ruby/lib/ruby/gems/1.8/gems/activerecord-2.3.5/lib/active_record/connection_adapters/abstract/connection_pool.rb:98:in `connection'
    c:/ruby/lib/ruby/gems/1.8/gems/activerecord-2.3.5/lib/active_record/connection_adapters/abstract/connection_pool.rb:326:in `retrieve_connection'
    c:/ruby/lib/ruby/gems/1.8/gems/activerecord-2.3.5/lib/active_record/connection_adapters/abstract/connection_specification.rb:123:in `retrieve_connection'
    c:/ruby/lib/ruby/gems/1.8/gems/activerecord-2.3.5/lib/active_record/connection_adapters/abstract/connection_specification.rb:115:in `connection'
    c:/ruby/lib/ruby/gems/1.8/gems/activerecord-2.3.5/lib/active_record/query_cache.rb:9:in `cache'
    c:/ruby/lib/ruby/gems/1.8/gems/activerecord-2.3.5/lib/active_record/query_cache.rb:28:in `call'
    c:/ruby/lib/ruby/gems/1.8/gems/activerecord-2.3.5/lib/active_record/connection_adapters/abstract/connection_pool.rb:361:in `call'
    c:/ruby/lib/ruby/gems/1.8/gems/actionpack-2.3.5/lib/action_controller/string_coercion.rb:25:in `call'
    c:/ruby/lib/ruby/gems/1.8/gems/rack-1.0.1/lib/rack/head.rb:9:in `call'
    c:/ruby/lib/ruby/gems/1.8/gems/rack-1.0.1/lib/rack/methodoverride.rb:24:in `call'
    c:/ruby/lib/ruby/gems/1.8/gems/actionpack-2.3.5/lib/action_controller/params_parser.rb:15:in `call'
    c:/ruby/lib/ruby/gems/1.8/gems/actionpack-2.3.5/lib/action_controller/session/cookie_store.rb:93:in `call'
    c:/ruby/lib/ruby/gems/1.8/gems/actionpack-2.3.5/lib/action_controller/failsafe.rb:26:in `call'
    c:/ruby/lib/ruby/gems/1.8/gems/rack-1.0.1/lib/rack/lock.rb:11:in `call'
    c:/ruby/lib/ruby/gems/1.8/gems/rack-1.0.1/lib/rack/lock.rb:11:in `synchronize'
    c:/ruby/lib/ruby/gems/1.8/gems/rack-1.0.1/lib/rack/lock.rb:11:in `call'
    c:/ruby/lib/ruby/gems/1.8/gems/actionpack-2.3.5/lib/action_controller/dispatcher.rb:114:in `call'
    c:/ruby/lib/ruby/gems/1.8/gems/actionpack-2.3.5/lib/action_controller/reloader.rb:34:in `run'
    c:/ruby/lib/ruby/gems/1.8/gems/actionpack-2.3.5/lib/action_controller/dispatcher.rb:108:in `call'
    c:/ruby/lib/ruby/gems/1.8/gems/rails-2.3.5/lib/rails/rack/static.rb:31:in `call'
    c:/ruby/lib/ruby/gems/1.8/gems/rack-1.0.1/lib/rack/urlmap.rb:46:in `call'
    c:/ruby/lib/ruby/gems/1.8/gems/rack-1.0.1/lib/rack/urlmap.rb:40:in `each'
    c:/ruby/lib/ruby/gems/1.8/gems/rack-1.0.1/lib/rack/urlmap.rb:40:in `call'
    c:/ruby/lib/ruby/gems/1.8/gems/rails-2.3.5/lib/rails/rack/log_tailer.rb:17:in `call'
    c:/ruby/lib/ruby/gems/1.8/gems/rack-1.0.1/lib/rack/content_length.rb:13:in `call'
    c:/ruby/lib/ruby/gems/1.8/gems/rack-1.0.1/lib/rack/chunked.rb:15:in `call'
    c:/ruby/lib/ruby/gems/1.8/gems/rack-1.0.1/lib/rack/handler/mongrel.rb:64:in `process'
    c:/ruby/lib/ruby/gems/1.8/gems/mongrel-1.1.5-x86-mswin32-60/lib/mongrel.rb:159:in `process_client'
    c:/ruby/lib/ruby/gems/1.8/gems/mongrel-1.1.5-x86-mswin32-60/lib/mongrel.rb:158:in `each'
    c:/ruby/lib/ruby/gems/1.8/gems/mongrel-1.1.5-x86-mswin32-60/lib/mongrel.rb:158:in `process_client'
    c:/ruby/lib/ruby/gems/1.8/gems/mongrel-1.1.5-x86-mswin32-60/lib/mongrel.rb:285:in `run'
    c:/ruby/lib/ruby/gems/1.8/gems/mongrel-1.1.5-x86-mswin32-60/lib/mongrel.rb:285:in `initialize'
    c:/ruby/lib/ruby/gems/1.8/gems/mongrel-1.1.5-x86-mswin32-60/lib/mongrel.rb:285:in `new'
    c:/ruby/lib/ruby/gems/1.8/gems/mongrel-1.1.5-x86-mswin32-60/lib/mongrel.rb:285:in `run'
    c:/ruby/lib/ruby/gems/1.8/gems/mongrel-1.1.5-x86-mswin32-60/lib/mongrel.rb:268:in `initialize'
    c:/ruby/lib/ruby/gems/1.8/gems/mongrel-1.1.5-x86-mswin32-60/lib/mongrel.rb:268:in `new'
    c:/ruby/lib/ruby/gems/1.8/gems/mongrel-1.1.5-x86-mswin32-60/lib/mongrel.rb:268:in `run'
    c:/ruby/lib/ruby/gems/1.8/gems/rack-1.0.1/lib/rack/handler/mongrel.rb:34:in `run'
    c:/ruby/lib/ruby/gems/1.8/gems/rails-2.3.5/lib/commands/server.rb:111
    c:/ruby/lib/ruby/site_ruby/1.8/rubygems/custom_require.rb:31:in `gem_original_require'
    c:/ruby/lib/ruby/site_ruby/1.8/rubygems/custom_require.rb:31:in `require'
    script/server:3
  [4;36;1mSQL (16.0ms)[0m   [0;1mSET NAMES 'utf8'[0m
  [4;35;1mSQL (0.0ms)[0m   [0mSET SQL_AUTO_IS_NULL=0[0m


Processing PostsController#index (for 127.0.0.1 at 2010-06-06 11:05:11) [GET]
  [4;36;1mPost Load (0.0ms)[0m   [0;1mSELECT * FROM `posts` [0m
Rendering template within layouts/posts
Rendering posts/index
  [4;35;1mPost Columns (0.0ms)[0m   [0mSHOW FIELDS FROM `posts`[0m
Completed in 2484ms (View: 2390, DB: 16) | 200 OK [http://localhost/posts]
  [4;36;1mSQL (0.0ms)[0m   [0;1mSET NAMES 'utf8'[0m
  [4;35;1mSQL (0.0ms)[0m   [0mSET SQL_AUTO_IS_NULL=0[0m


Processing PostsController#new (for 127.0.0.1 at 2010-06-06 11:05:16) [GET]
  [4;36;1mPost Columns (16.0ms)[0m   [0;1mSHOW FIELDS FROM `posts`[0m
Rendering template within layouts/posts
Rendering posts/new
Completed in 78ms (View: 47, DB: 16) | 200 OK [http://localhost/posts/new]
  [4;35;1mSQL (0.0ms)[0m   [0mSET NAMES 'utf8'[0m
  [4;36;1mSQL (0.0ms)[0m   [0;1mSET SQL_AUTO_IS_NULL=0[0m


Processing PostsController#index (for 127.0.0.1 at 2010-06-06 11:05:21) [GET]
  [4;35;1mPost Load (16.0ms)[0m   [0mSELECT * FROM `posts` [0m
Rendering template within layouts/posts
Rendering posts/index
  [4;36;1mPost Columns (15.0ms)[0m   [0;1mSHOW FIELDS FROM `posts`[0m
Completed in 47ms (View: 16, DB: 31) | 200 OK [http://localhost/posts]
  [4;35;1mSQL (0.0ms)[0m   [0mSET NAMES 'utf8'[0m
  [4;36;1mSQL (0.0ms)[0m   [0;1mSET SQL_AUTO_IS_NULL=0[0m


Processing PostsController#show (for 127.0.0.1 at 2010-06-06 11:05:23) [GET]
  Parameters: {"id"=>"1"}
  [4;35;1mPost Columns (0.0ms)[0m   [0mSHOW FIELDS FROM `posts`[0m
  [4;36;1mPost Load (0.0ms)[0m   [0;1mSELECT * FROM `posts` WHERE (`posts`.`id` = 1) [0m
Rendering template within layouts/posts
Rendering posts/show
  [4;35;1mComment Load (0.0ms)[0m   [0mSELECT * FROM `comments` WHERE (`comments`.post_id = 1) [0m
  [4;36;1mComment Columns (0.0ms)[0m   [0;1mSHOW FIELDS FROM `comments`[0m
Completed in 422ms (View: 407, DB: 0) | 200 OK [http://localhost/posts/1]
  [4;36;1mSQL (0.0ms)[0m   [0;1mSET NAMES 'utf8'[0m
  [4;35;1mSQL (0.0ms)[0m   [0mSET SQL_AUTO_IS_NULL=0[0m


Processing PostsController#index (for 127.0.0.1 at 2010-06-06 11:13:46) [GET]
  [4;36;1mPost Load (0.0ms)[0m   [0;1mSELECT * FROM `posts` [0m
Rendering template within layouts/posts
Rendering posts/index
  [4;35;1mPost Columns (0.0ms)[0m   [0mSHOW FIELDS FROM `posts`[0m
Completed in 2250ms (View: 2188, DB: 0) | 200 OK [http://localhost/posts]
  [4;36;1mSQL (0.0ms)[0m   [0;1mSET NAMES 'utf8'[0m
  [4;35;1mSQL (0.0ms)[0m   [0mSET SQL_AUTO_IS_NULL=0[0m


Processing ApplicationController#index (for 127.0.0.1 at 2010-06-06 11:13:48) [GET]

ActionController::RoutingError (No route matches "/stylesheets/scaffold.css" with {:method=>:get}):
  

Rendering rescues/layout (not_found)
  [4;36;1mSQL (0.0ms)[0m   [0;1mSET NAMES 'utf8'[0m
  [4;35;1mSQL (0.0ms)[0m   [0mSET SQL_AUTO_IS_NULL=0[0m


Processing PostsController#show (for 127.0.0.1 at 2010-06-06 11:13:52) [GET]
  Parameters: {"id"=>"1"}
  [4;36;1mPost Columns (0.0ms)[0m   [0;1mSHOW FIELDS FROM `posts`[0m
  [4;35;1mPost Load (0.0ms)[0m   [0mSELECT * FROM `posts` WHERE (`posts`.`id` = 1) [0m
Rendering template within layouts/posts
Rendering posts/show
  [4;36;1mComment Load (0.0ms)[0m   [0;1mSELECT * FROM `comments` WHERE (`comments`.post_id = 1) [0m
  [4;35;1mComment Columns (0.0ms)[0m   [0mSHOW FIELDS FROM `comments`[0m
Completed in 547ms (View: 485, DB: 0) | 200 OK [http://localhost/posts/1]
  [4;36;1mSQL (0.0ms)[0m   [0;1mSET NAMES 'utf8'[0m
  [4;35;1mSQL (0.0ms)[0m   [0mSET SQL_AUTO_IS_NULL=0[0m


Processing ApplicationController#index (for 127.0.0.1 at 2010-06-06 11:13:52) [GET]

ActionController::RoutingError (No route matches "/stylesheets/scaffold.css" with {:method=>:get}):
  

Rendering rescues/layout (not_found)
  [4;36;1mSQL (0.0ms)[0m   [0;1mSET NAMES 'utf8'[0m
  [4;35;1mSQL (0.0ms)[0m   [0mSET SQL_AUTO_IS_NULL=0[0m


Processing PostsController#index (for 127.0.0.1 at 2010-06-06 11:13:58) [GET]
  [4;36;1mPost Load (0.0ms)[0m   [0;1mSELECT * FROM `posts` [0m
Rendering template within layouts/posts
Rendering posts/index
  [4;35;1mPost Columns (15.0ms)[0m   [0mSHOW FIELDS FROM `posts`[0m
Completed in 47ms (View: 0, DB: 15) | 200 OK [http://localhost/posts]
  [4;36;1mSQL (0.0ms)[0m   [0;1mSET NAMES 'utf8'[0m
  [4;35;1mSQL (15.0ms)[0m   [0mSET SQL_AUTO_IS_NULL=0[0m


Processing ApplicationController#index (for 127.0.0.1 at 2010-06-06 11:13:58) [GET]

ActionController::RoutingError (No route matches "/stylesheets/scaffold.css" with {:method=>:get}):
  

Rendering rescues/layout (not_found)
  [4;36;1mSQL (0.0ms)[0m   [0;1mSET NAMES 'utf8'[0m
  [4;35;1mSQL (0.0ms)[0m   [0mSET SQL_AUTO_IS_NULL=0[0m


Processing PostsController#new (for 127.0.0.1 at 2010-06-06 11:13:59) [GET]
  [4;36;1mPost Columns (16.0ms)[0m   [0;1mSHOW FIELDS FROM `posts`[0m
Rendering template within layouts/posts
Rendering posts/new
Completed in 62ms (View: 31, DB: 16) | 200 OK [http://localhost/posts/new]
  [4;35;1mSQL (0.0ms)[0m   [0mSET NAMES 'utf8'[0m
  [4;36;1mSQL (0.0ms)[0m   [0;1mSET SQL_AUTO_IS_NULL=0[0m


Processing ApplicationController#index (for 127.0.0.1 at 2010-06-06 11:13:59) [GET]

ActionController::RoutingError (No route matches "/stylesheets/scaffold.css" with {:method=>:get}):
  

Rendering rescues/layout (not_found)
  [4;35;1mSQL (0.0ms)[0m   [0mSET NAMES 'utf8'[0m
  [4;36;1mSQL (0.0ms)[0m   [0;1mSET SQL_AUTO_IS_NULL=0[0m


Processing PostsController#index (for 127.0.0.1 at 2010-06-06 11:14:01) [GET]
  [4;35;1mPost Load (0.0ms)[0m   [0mSELECT * FROM `posts` [0m
Rendering template within layouts/posts
Rendering posts/index
  [4;36;1mPost Columns (16.0ms)[0m   [0;1mSHOW FIELDS FROM `posts`[0m
Completed in 63ms (View: 16, DB: 16) | 200 OK [http://localhost/posts]
  [4;35;1mSQL (0.0ms)[0m   [0mSET NAMES 'utf8'[0m
  [4;36;1mSQL (0.0ms)[0m   [0;1mSET SQL_AUTO_IS_NULL=0[0m


Processing ApplicationController#index (for 127.0.0.1 at 2010-06-06 11:14:02) [GET]

ActionController::RoutingError (No route matches "/stylesheets/scaffold.css" with {:method=>:get}):
  

Rendering rescues/layout (not_found)
  [4;35;1mSQL (0.0ms)[0m   [0mSET NAMES 'utf8'[0m
  [4;36;1mSQL (0.0ms)[0m   [0;1mSET SQL_AUTO_IS_NULL=0[0m


Processing PostsController#show (for 127.0.0.1 at 2010-06-06 11:14:46) [GET]
  Parameters: {"id"=>"1"}
  [4;35;1mPost Columns (0.0ms)[0m   [0mSHOW FIELDS FROM `posts`[0m
  [4;36;1mPost Load (0.0ms)[0m   [0;1mSELECT * FROM `posts` WHERE (`posts`.`id` = 1) [0m
Rendering template within layouts/posts
Rendering posts/show
  [4;35;1mComment Load (0.0ms)[0m   [0mSELECT * FROM `comments` WHERE (`comments`.post_id = 1) [0m
  [4;36;1mComment Columns (15.0ms)[0m   [0;1mSHOW FIELDS FROM `comments`[0m
Completed in 94ms (View: 64, DB: 15) | 200 OK [http://localhost/posts/1]
  [4;35;1mSQL (0.0ms)[0m   [0mSET NAMES 'utf8'[0m
  [4;36;1mSQL (0.0ms)[0m   [0;1mSET SQL_AUTO_IS_NULL=0[0m


Processing ApplicationController#index (for 127.0.0.1 at 2010-06-06 11:14:46) [GET]

ActionController::RoutingError (No route matches "/stylesheets/scaffold.css" with {:method=>:get}):
  

Rendering rescues/layout (not_found)
  [4;35;1mSQL (0.0ms)[0m   [0mSET NAMES 'utf8'[0m
  [4;36;1mSQL (0.0ms)[0m   [0;1mSET SQL_AUTO_IS_NULL=0[0m


Processing CommentsController#create (for 127.0.0.1 at 2010-06-06 11:15:00) [POST]
  Parameters: {"commit"=>"Add Comment", "post_id"=>"1", "authenticity_token"=>"BJBqLzMdlkUyhNacH3MiNgrxzKYUVs9DJkf1WYgt63w=", "comment"=>{"name"=>"rah00l", "body"=>"just fun"}}
  [4;35;1mPost Columns (0.0ms)[0m   [0mSHOW FIELDS FROM `posts`[0m
  [4;36;1mPost Load (0.0ms)[0m   [0;1mSELECT * FROM `posts` WHERE (`posts`.`id` = 1) [0m
  [4;35;1mComment Columns (15.0ms)[0m   [0mSHOW FIELDS FROM `comments`[0m
  [4;36;1mSQL (0.0ms)[0m   [0;1mBEGIN[0m
  [4;35;1mComment Create (32.0ms)[0m   [0mINSERT INTO `comments` (`name`, `updated_at`, `body`, `post_id`, `created_at`) VALUES('rah00l', '2010-06-06 05:45:00', 'just fun', 1, '2010-06-06 05:45:00')[0m
  [4;36;1mSQL (0.0ms)[0m   [0;1mCOMMIT[0m
Redirected to http://localhost:3000/posts/1
Completed in 109ms (DB: 47) | 302 Found [http://localhost/posts/1/comments]
  [4;35;1mSQL (0.0ms)[0m   [0mSET NAMES 'utf8'[0m
  [4;36;1mSQL (0.0ms)[0m   [0;1mSET SQL_AUTO_IS_NULL=0[0m


Processing PostsController#show (for 127.0.0.1 at 2010-06-06 11:15:00) [GET]
  Parameters: {"id"=>"1"}
  [4;35;1mPost Columns (0.0ms)[0m   [0mSHOW FIELDS FROM `posts`[0m
  [4;36;1mPost Load (0.0ms)[0m   [0;1mSELECT * FROM `posts` WHERE (`posts`.`id` = 1) [0m
Rendering template within layouts/posts
Rendering posts/show
  [4;35;1mComment Load (0.0ms)[0m   [0mSELECT * FROM `comments` WHERE (`comments`.post_id = 1) [0m
  [4;36;1mComment Columns (16.0ms)[0m   [0;1mSHOW FIELDS FROM `comments`[0m
Completed in 78ms (View: 31, DB: 16) | 200 OK [http://localhost/posts/1]
  [4;35;1mSQL (0.0ms)[0m   [0mSET NAMES 'utf8'[0m
  [4;36;1mSQL (0.0ms)[0m   [0;1mSET SQL_AUTO_IS_NULL=0[0m


Processing ApplicationController#index (for 127.0.0.1 at 2010-06-06 11:15:00) [GET]

ActionController::RoutingError (No route matches "/stylesheets/scaffold.css" with {:method=>:get}):
  

Rendering rescues/layout (not_found)
  [4;35;1mSQL (0.0ms)[0m   [0mSET NAMES 'utf8'[0m
  [4;36;1mSQL (0.0ms)[0m   [0;1mSET SQL_AUTO_IS_NULL=0[0m


Processing PostsController#show (for 127.0.0.1 at 2010-06-06 11:15:17) [GET]
  Parameters: {"id"=>"1"}
  [4;35;1mPost Columns (0.0ms)[0m   [0mSHOW FIELDS FROM `posts`[0m
  [4;36;1mPost Load (0.0ms)[0m   [0;1mSELECT * FROM `posts` WHERE (`posts`.`id` = 1) [0m
Rendering template within layouts/posts
Rendering posts/show
  [4;35;1mComment Load (0.0ms)[0m   [0mSELECT * FROM `comments` WHERE (`comments`.post_id = 1) [0m
  [4;36;1mComment Columns (0.0ms)[0m   [0;1mSHOW FIELDS FROM `comments`[0m
Completed in 78ms (View: 62, DB: 0) | 200 OK [http://localhost/posts/1]
  [4;35;1mSQL (0.0ms)[0m   [0mSET NAMES 'utf8'[0m
  [4;36;1mSQL (0.0ms)[0m   [0;1mSET SQL_AUTO_IS_NULL=0[0m


Processing ApplicationController#index (for 127.0.0.1 at 2010-06-06 11:15:17) [GET]

ActionController::RoutingError (No route matches "/stylesheets/scaffold.css" with {:method=>:get}):
  

Rendering rescues/layout (not_found)
  [4;35;1mSQL (0.0ms)[0m   [0mSET NAMES 'utf8'[0m
  [4;36;1mSQL (0.0ms)[0m   [0;1mSET SQL_AUTO_IS_NULL=0[0m


Processing PostsController#show (for 127.0.0.1 at 2010-06-06 11:15:25) [GET]
  Parameters: {"id"=>"1"}
  [4;35;1mPost Columns (0.0ms)[0m   [0mSHOW FIELDS FROM `posts`[0m
  [4;36;1mPost Load (0.0ms)[0m   [0;1mSELECT * FROM `posts` WHERE (`posts`.`id` = 1) [0m
Rendering template within layouts/posts
Rendering posts/show
  [4;35;1mComment Load (0.0ms)[0m   [0mSELECT * FROM `comments` WHERE (`comments`.post_id = 1) [0m
  [4;36;1mComment Columns (0.0ms)[0m   [0;1mSHOW FIELDS FROM `comments`[0m
Completed in 78ms (View: 47, DB: 0) | 200 OK [http://localhost/posts/1]
  [4;35;1mSQL (0.0ms)[0m   [0mSET NAMES 'utf8'[0m
  [4;36;1mSQL (0.0ms)[0m   [0;1mSET SQL_AUTO_IS_NULL=0[0m


Processing ApplicationController#index (for 127.0.0.1 at 2010-06-06 11:15:25) [GET]

ActionController::RoutingError (No route matches "/stylesheets/scaffold.css" with {:method=>:get}):
  

Rendering rescues/layout (not_found)
  [4;35;1mSQL (0.0ms)[0m   [0mSET NAMES 'utf8'[0m
  [4;36;1mSQL (0.0ms)[0m   [0;1mSET SQL_AUTO_IS_NULL=0[0m


Processing PostsController#show (for 127.0.0.1 at 2010-06-06 11:15:30) [GET]
  Parameters: {"id"=>"1"}
  [4;35;1mPost Columns (0.0ms)[0m   [0mSHOW FIELDS FROM `posts`[0m
  [4;36;1mPost Load (0.0ms)[0m   [0;1mSELECT * FROM `posts` WHERE (`posts`.`id` = 1) [0m
Rendering template within layouts/posts
Rendering posts/show
  [4;35;1mComment Load (0.0ms)[0m   [0mSELECT * FROM `comments` WHERE (`comments`.post_id = 1) [0m
  [4;36;1mComment Columns (0.0ms)[0m   [0;1mSHOW FIELDS FROM `comments`[0m
Completed in 204ms (View: 188, DB: 0) | 200 OK [http://localhost/posts/1]
  [4;35;1mSQL (0.0ms)[0m   [0mSET NAMES 'utf8'[0m
  [4;36;1mSQL (0.0ms)[0m   [0;1mSET SQL_AUTO_IS_NULL=0[0m


Processing ApplicationController#index (for 127.0.0.1 at 2010-06-06 11:15:30) [GET]

ActionController::RoutingError (No route matches "/stylesheets/scaffold.css" with {:method=>:get}):
  

Rendering rescues/layout (not_found)
/!\ FAILSAFE /!\  Mon Jun 07 11:34:12 +0530 2010
  Status: 500 Internal Server Error
  Access denied for user 'root'@'localhost' (using password: NO)
    c:/ruby/lib/ruby/gems/1.8/gems/activerecord-2.3.5/lib/active_record/connection_adapters/mysql_adapter.rb:589:in `real_connect'
    c:/ruby/lib/ruby/gems/1.8/gems/activerecord-2.3.5/lib/active_record/connection_adapters/mysql_adapter.rb:589:in `connect'
    c:/ruby/lib/ruby/gems/1.8/gems/activerecord-2.3.5/lib/active_record/connection_adapters/mysql_adapter.rb:203:in `initialize'
    c:/ruby/lib/ruby/gems/1.8/gems/activerecord-2.3.5/lib/active_record/connection_adapters/mysql_adapter.rb:75:in `new'
    c:/ruby/lib/ruby/gems/1.8/gems/activerecord-2.3.5/lib/active_record/connection_adapters/mysql_adapter.rb:75:in `mysql_connection'
    c:/ruby/lib/ruby/gems/1.8/gems/activerecord-2.3.5/lib/active_record/connection_adapters/abstract/connection_pool.rb:223:in `send'
    c:/ruby/lib/ruby/gems/1.8/gems/activerecord-2.3.5/lib/active_record/connection_adapters/abstract/connection_pool.rb:223:in `new_connection'
    c:/ruby/lib/ruby/gems/1.8/gems/activerecord-2.3.5/lib/active_record/connection_adapters/abstract/connection_pool.rb:245:in `checkout_new_connection'
    c:/ruby/lib/ruby/gems/1.8/gems/activerecord-2.3.5/lib/active_record/connection_adapters/abstract/connection_pool.rb:188:in `checkout'
    c:/ruby/lib/ruby/gems/1.8/gems/activerecord-2.3.5/lib/active_record/connection_adapters/abstract/connection_pool.rb:184:in `loop'
    c:/ruby/lib/ruby/gems/1.8/gems/activerecord-2.3.5/lib/active_record/connection_adapters/abstract/connection_pool.rb:184:in `checkout'
    c:/ruby/lib/ruby/1.8/monitor.rb:242:in `synchronize'
    c:/ruby/lib/ruby/gems/1.8/gems/activerecord-2.3.5/lib/active_record/connection_adapters/abstract/connection_pool.rb:183:in `checkout'
    c:/ruby/lib/ruby/gems/1.8/gems/activerecord-2.3.5/lib/active_record/connection_adapters/abstract/connection_pool.rb:98:in `connection'
    c:/ruby/lib/ruby/gems/1.8/gems/activerecord-2.3.5/lib/active_record/connection_adapters/abstract/connection_pool.rb:326:in `retrieve_connection'
    c:/ruby/lib/ruby/gems/1.8/gems/activerecord-2.3.5/lib/active_record/connection_adapters/abstract/connection_specification.rb:123:in `retrieve_connection'
    c:/ruby/lib/ruby/gems/1.8/gems/activerecord-2.3.5/lib/active_record/connection_adapters/abstract/connection_specification.rb:115:in `connection'
    c:/ruby/lib/ruby/gems/1.8/gems/activerecord-2.3.5/lib/active_record/query_cache.rb:9:in `cache'
    c:/ruby/lib/ruby/gems/1.8/gems/activerecord-2.3.5/lib/active_record/query_cache.rb:28:in `call'
    c:/ruby/lib/ruby/gems/1.8/gems/activerecord-2.3.5/lib/active_record/connection_adapters/abstract/connection_pool.rb:361:in `call'
    c:/ruby/lib/ruby/gems/1.8/gems/actionpack-2.3.5/lib/action_controller/string_coercion.rb:25:in `call'
    c:/ruby/lib/ruby/gems/1.8/gems/rack-1.0.1/lib/rack/head.rb:9:in `call'
    c:/ruby/lib/ruby/gems/1.8/gems/rack-1.0.1/lib/rack/methodoverride.rb:24:in `call'
    c:/ruby/lib/ruby/gems/1.8/gems/actionpack-2.3.5/lib/action_controller/params_parser.rb:15:in `call'
    c:/ruby/lib/ruby/gems/1.8/gems/actionpack-2.3.5/lib/action_controller/session/cookie_store.rb:93:in `call'
    c:/ruby/lib/ruby/gems/1.8/gems/actionpack-2.3.5/lib/action_controller/failsafe.rb:26:in `call'
    c:/ruby/lib/ruby/gems/1.8/gems/rack-1.0.1/lib/rack/lock.rb:11:in `call'
    c:/ruby/lib/ruby/gems/1.8/gems/rack-1.0.1/lib/rack/lock.rb:11:in `synchronize'
    c:/ruby/lib/ruby/gems/1.8/gems/rack-1.0.1/lib/rack/lock.rb:11:in `call'
    c:/ruby/lib/ruby/gems/1.8/gems/actionpack-2.3.5/lib/action_controller/dispatcher.rb:114:in `call'
    c:/ruby/lib/ruby/gems/1.8/gems/actionpack-2.3.5/lib/action_controller/reloader.rb:34:in `run'
    c:/ruby/lib/ruby/gems/1.8/gems/actionpack-2.3.5/lib/action_controller/dispatcher.rb:108:in `call'
    c:/ruby/lib/ruby/gems/1.8/gems/rails-2.3.5/lib/rails/rack/static.rb:31:in `call'
    c:/ruby/lib/ruby/gems/1.8/gems/rack-1.0.1/lib/rack/urlmap.rb:46:in `call'
    c:/ruby/lib/ruby/gems/1.8/gems/rack-1.0.1/lib/rack/urlmap.rb:40:in `each'
    c:/ruby/lib/ruby/gems/1.8/gems/rack-1.0.1/lib/rack/urlmap.rb:40:in `call'
    c:/ruby/lib/ruby/gems/1.8/gems/rails-2.3.5/lib/rails/rack/log_tailer.rb:17:in `call'
    c:/ruby/lib/ruby/gems/1.8/gems/rack-1.0.1/lib/rack/content_length.rb:13:in `call'
    c:/ruby/lib/ruby/gems/1.8/gems/rack-1.0.1/lib/rack/chunked.rb:15:in `call'
    c:/ruby/lib/ruby/gems/1.8/gems/rack-1.0.1/lib/rack/handler/mongrel.rb:64:in `process'
    c:/ruby/lib/ruby/gems/1.8/gems/mongrel-1.1.5-x86-mswin32-60/lib/mongrel.rb:159:in `process_client'
    c:/ruby/lib/ruby/gems/1.8/gems/mongrel-1.1.5-x86-mswin32-60/lib/mongrel.rb:158:in `each'
    c:/ruby/lib/ruby/gems/1.8/gems/mongrel-1.1.5-x86-mswin32-60/lib/mongrel.rb:158:in `process_client'
    c:/ruby/lib/ruby/gems/1.8/gems/mongrel-1.1.5-x86-mswin32-60/lib/mongrel.rb:285:in `run'
    c:/ruby/lib/ruby/gems/1.8/gems/mongrel-1.1.5-x86-mswin32-60/lib/mongrel.rb:285:in `initialize'
    c:/ruby/lib/ruby/gems/1.8/gems/mongrel-1.1.5-x86-mswin32-60/lib/mongrel.rb:285:in `new'
    c:/ruby/lib/ruby/gems/1.8/gems/mongrel-1.1.5-x86-mswin32-60/lib/mongrel.rb:285:in `run'
    c:/ruby/lib/ruby/gems/1.8/gems/mongrel-1.1.5-x86-mswin32-60/lib/mongrel.rb:268:in `initialize'
    c:/ruby/lib/ruby/gems/1.8/gems/mongrel-1.1.5-x86-mswin32-60/lib/mongrel.rb:268:in `new'
    c:/ruby/lib/ruby/gems/1.8/gems/mongrel-1.1.5-x86-mswin32-60/lib/mongrel.rb:268:in `run'
    c:/ruby/lib/ruby/gems/1.8/gems/rack-1.0.1/lib/rack/handler/mongrel.rb:34:in `run'
    c:/ruby/lib/ruby/gems/1.8/gems/rails-2.3.5/lib/commands/server.rb:111
    c:/ruby/lib/ruby/site_ruby/1.8/rubygems/custom_require.rb:31:in `gem_original_require'
    c:/ruby/lib/ruby/site_ruby/1.8/rubygems/custom_require.rb:31:in `require'
    script/server:3
  [4;36;1mSQL (0.0ms)[0m   [0;1mSET NAMES 'utf8'[0m
  [4;35;1mSQL (0.0ms)[0m   [0mSET SQL_AUTO_IS_NULL=0[0m


Processing PostsController#index (for 127.0.0.1 at 2010-06-07 11:34:42) [GET]
  [4;36;1mPost Load (0.0ms)[0m   [0;1mSELECT * FROM `posts` [0m
Rendering template within layouts/posts
Rendering posts/index
  [4;35;1mPost Columns (0.0ms)[0m   [0mSHOW FIELDS FROM `posts`[0m
Completed in 3000ms (View: 2875, DB: 0) | 200 OK [http://localhost/posts/]
  [4;36;1mSQL (0.0ms)[0m   [0;1mSET NAMES 'utf8'[0m
  [4;35;1mSQL (0.0ms)[0m   [0mSET SQL_AUTO_IS_NULL=0[0m


Processing ApplicationController#index (for 127.0.0.1 at 2010-06-07 11:34:45) [GET]

ActionController::RoutingError (No route matches "/stylesheets/scaffold.css" with {:method=>:get}):
  

Rendering rescues/layout (not_found)
  [4;36;1mSQL (0.0ms)[0m   [0;1mSET NAMES 'utf8'[0m
  [4;35;1mSQL (0.0ms)[0m   [0mSET SQL_AUTO_IS_NULL=0[0m


Processing PostsController#new (for 127.0.0.1 at 2010-06-07 11:34:47) [GET]
  [4;36;1mPost Columns (0.0ms)[0m   [0;1mSHOW FIELDS FROM `posts`[0m
Rendering template within layouts/posts
Rendering posts/new
Completed in 94ms (View: 63, DB: 0) | 200 OK [http://localhost/posts/new]
  [4;35;1mSQL (0.0ms)[0m   [0mSET NAMES 'utf8'[0m
  [4;36;1mSQL (0.0ms)[0m   [0;1mSET SQL_AUTO_IS_NULL=0[0m


Processing ApplicationController#index (for 127.0.0.1 at 2010-06-07 11:34:47) [GET]

ActionController::RoutingError (No route matches "/stylesheets/scaffold.css" with {:method=>:get}):
  

Rendering rescues/layout (not_found)
  [4;35;1mSQL (0.0ms)[0m   [0mSET NAMES 'utf8'[0m
  [4;36;1mSQL (0.0ms)[0m   [0;1mSET SQL_AUTO_IS_NULL=0[0m


Processing PostsController#create (for 127.0.0.1 at 2010-06-07 11:34:54) [POST]
  Parameters: {"authenticity_token"=>"f0OVmXFlIiwnGSYHFM5PCn6++5bQtGRDNEavjADn90w=", "post"=>{"body"=>"", "title"=>"theme selection"}}
  [4;35;1mPost Columns (0.0ms)[0m   [0mSHOW FIELDS FROM `posts`[0m
  [4;36;1mSQL (16.0ms)[0m   [0;1mBEGIN[0m
  [4;35;1mPost Create (31.0ms)[0m   [0mINSERT INTO `posts` (`updated_at`, `title`, `body`, `created_at`) VALUES('2010-06-07 06:04:54', 'theme selection', '', '2010-06-07 06:04:54')[0m
  [4;36;1mSQL (0.0ms)[0m   [0;1mCOMMIT[0m
Redirected to http://localhost:3000/posts/2
Completed in 62ms (DB: 47) | 302 Found [http://localhost/posts]
  [4;35;1mSQL (0.0ms)[0m   [0mSET NAMES 'utf8'[0m
  [4;36;1mSQL (0.0ms)[0m   [0;1mSET SQL_AUTO_IS_NULL=0[0m


Processing PostsController#show (for 127.0.0.1 at 2010-06-07 11:34:54) [GET]
  Parameters: {"id"=>"2"}
  [4;35;1mPost Columns (0.0ms)[0m   [0mSHOW FIELDS FROM `posts`[0m
  [4;36;1mPost Load (0.0ms)[0m   [0;1mSELECT * FROM `posts` WHERE (`posts`.`id` = 2) [0m
Rendering template within layouts/posts
Rendering posts/show
  [4;35;1mComment Load (0.0ms)[0m   [0mSELECT * FROM `comments` WHERE (`comments`.post_id = 2) [0m
  [4;36;1mComment Columns (0.0ms)[0m   [0;1mSHOW FIELDS FROM `comments`[0m
Completed in 141ms (View: 125, DB: 0) | 200 OK [http://localhost/posts/2]
  [4;35;1mSQL (0.0ms)[0m   [0mSET NAMES 'utf8'[0m
  [4;36;1mSQL (0.0ms)[0m   [0;1mSET SQL_AUTO_IS_NULL=0[0m


Processing ApplicationController#index (for 127.0.0.1 at 2010-06-07 11:34:54) [GET]

ActionController::RoutingError (No route matches "/stylesheets/scaffold.css" with {:method=>:get}):
  

Rendering rescues/layout (not_found)
  [4;35;1mSQL (0.0ms)[0m   [0mSET NAMES 'utf8'[0m
  [4;36;1mSQL (0.0ms)[0m   [0;1mSET SQL_AUTO_IS_NULL=0[0m


Processing PostsController#new (for 127.0.0.1 at 2010-06-07 11:35:03) [GET]
  [4;35;1mPost Columns (16.0ms)[0m   [0mSHOW FIELDS FROM `posts`[0m
Rendering template within layouts/posts
Rendering posts/new
Completed in 47ms (View: 16, DB: 16) | 200 OK [http://localhost/posts/new]
  [4;36;1mSQL (0.0ms)[0m   [0;1mSET NAMES 'utf8'[0m
  [4;35;1mSQL (0.0ms)[0m   [0mSET SQL_AUTO_IS_NULL=0[0m


Processing ApplicationController#index (for 127.0.0.1 at 2010-06-07 11:35:03) [GET]

ActionController::RoutingError (No route matches "/stylesheets/scaffold.css" with {:method=>:get}):
  

Rendering rescues/layout (not_found)
  [4;36;1mSQL (0.0ms)[0m   [0;1mSET NAMES 'utf8'[0m
  [4;35;1mSQL (0.0ms)[0m   [0mSET SQL_AUTO_IS_NULL=0[0m


Processing PostsController#index (for 127.0.0.1 at 2010-06-07 11:35:05) [GET]
  [4;36;1mPost Load (0.0ms)[0m   [0;1mSELECT * FROM `posts` [0m
Rendering template within layouts/posts
Rendering posts/index
  [4;35;1mPost Columns (0.0ms)[0m   [0mSHOW FIELDS FROM `posts`[0m
Completed in 141ms (View: 47, DB: 0) | 200 OK [http://localhost/posts/]
  [4;36;1mSQL (0.0ms)[0m   [0;1mSET NAMES 'utf8'[0m
  [4;35;1mSQL (0.0ms)[0m   [0mSET SQL_AUTO_IS_NULL=0[0m


Processing ApplicationController#index (for 127.0.0.1 at 2010-06-07 11:35:05) [GET]

ActionController::RoutingError (No route matches "/stylesheets/scaffold.css" with {:method=>:get}):
  

Rendering rescues/layout (not_found)
  [4;36;1mSQL (0.0ms)[0m   [0;1mSET NAMES 'utf8'[0m
  [4;35;1mSQL (0.0ms)[0m   [0mSET SQL_AUTO_IS_NULL=0[0m


Processing PostsController#edit (for 127.0.0.1 at 2010-06-07 11:35:10) [GET]
  Parameters: {"id"=>"2"}
  [4;36;1mPost Columns (0.0ms)[0m   [0;1mSHOW FIELDS FROM `posts`[0m
  [4;35;1mPost Load (0.0ms)[0m   [0mSELECT * FROM `posts` WHERE (`posts`.`id` = 2) [0m
Rendering template within layouts/posts
Rendering posts/edit
Completed in 93ms (View: 62, DB: 0) | 200 OK [http://localhost/posts/2/edit]
  [4;36;1mSQL (0.0ms)[0m   [0;1mSET NAMES 'utf8'[0m
  [4;35;1mSQL (0.0ms)[0m   [0mSET SQL_AUTO_IS_NULL=0[0m


Processing ApplicationController#index (for 127.0.0.1 at 2010-06-07 11:35:10) [GET]

ActionController::RoutingError (No route matches "/stylesheets/scaffold.css" with {:method=>:get}):
  

Rendering rescues/layout (not_found)
  [4;36;1mSQL (0.0ms)[0m   [0;1mSET NAMES 'utf8'[0m
  [4;35;1mSQL (0.0ms)[0m   [0mSET SQL_AUTO_IS_NULL=0[0m


Processing PostsController#index (for 127.0.0.1 at 2010-06-07 11:35:12) [GET]
  [4;36;1mPost Load (0.0ms)[0m   [0;1mSELECT * FROM `posts` [0m
Rendering template within layouts/posts
Rendering posts/index
  [4;35;1mPost Columns (0.0ms)[0m   [0mSHOW FIELDS FROM `posts`[0m
Completed in 63ms (View: 32, DB: 0) | 200 OK [http://localhost/posts]
  [4;36;1mSQL (0.0ms)[0m   [0;1mSET NAMES 'utf8'[0m
  [4;35;1mSQL (0.0ms)[0m   [0mSET SQL_AUTO_IS_NULL=0[0m


Processing ApplicationController#index (for 127.0.0.1 at 2010-06-07 11:35:12) [GET]

ActionController::RoutingError (No route matches "/stylesheets/scaffold.css" with {:method=>:get}):
  

Rendering rescues/layout (not_found)
  [4;36;1mSQL (0.0ms)[0m   [0;1mSET NAMES 'utf8'[0m
  [4;35;1mSQL (0.0ms)[0m   [0mSET SQL_AUTO_IS_NULL=0[0m


Processing PostsController#show (for 127.0.0.1 at 2010-06-07 11:35:21) [GET]
  Parameters: {"id"=>"1"}
  [4;36;1mPost Columns (16.0ms)[0m   [0;1mSHOW FIELDS FROM `posts`[0m
  [4;35;1mPost Load (0.0ms)[0m   [0mSELECT * FROM `posts` WHERE (`posts`.`id` = 1) [0m
Rendering template within layouts/posts
Rendering posts/show
  [4;36;1mComment Load (0.0ms)[0m   [0;1mSELECT * FROM `comments` WHERE (`comments`.post_id = 1) [0m
  [4;35;1mComment Columns (0.0ms)[0m   [0mSHOW FIELDS FROM `comments`[0m
Completed in 469ms (View: 437, DB: 16) | 200 OK [http://localhost/posts/1]
  [4;36;1mSQL (0.0ms)[0m   [0;1mSET NAMES 'utf8'[0m
  [4;35;1mSQL (0.0ms)[0m   [0mSET SQL_AUTO_IS_NULL=0[0m


Processing ApplicationController#index (for 127.0.0.1 at 2010-06-07 11:35:21) [GET]

ActionController::RoutingError (No route matches "/stylesheets/scaffold.css" with {:method=>:get}):
  

Rendering rescues/layout (not_found)
  [4;36;1mSQL (0.0ms)[0m   [0;1mSET NAMES 'utf8'[0m
  [4;35;1mSQL (0.0ms)[0m   [0mSET SQL_AUTO_IS_NULL=0[0m


Processing PostsController#index (for 127.0.0.1 at 2010-06-07 11:35:31) [GET]
  [4;36;1mPost Load (0.0ms)[0m   [0;1mSELECT * FROM `posts` [0m
Rendering template within layouts/posts
Rendering posts/index
  [4;35;1mPost Columns (15.0ms)[0m   [0mSHOW FIELDS FROM `posts`[0m
Completed in 62ms (View: 16, DB: 15) | 200 OK [http://localhost/posts]
  [4;36;1mSQL (0.0ms)[0m   [0;1mSET NAMES 'utf8'[0m
  [4;35;1mSQL (0.0ms)[0m   [0mSET SQL_AUTO_IS_NULL=0[0m


Processing ApplicationController#index (for 127.0.0.1 at 2010-06-07 11:35:31) [GET]

ActionController::RoutingError (No route matches "/stylesheets/scaffold.css" with {:method=>:get}):
  

Rendering rescues/layout (not_found)
  [4;36;1mSQL (0.0ms)[0m   [0;1mSET NAMES 'utf8'[0m
  [4;35;1mSQL (0.0ms)[0m   [0mSET SQL_AUTO_IS_NULL=0[0m


Processing CommentsController#index (for 127.0.0.1 at 2010-06-07 11:35:39) [GET]
  [4;36;1mComment Load (0.0ms)[0m   [0;1mSELECT * FROM `comments` [0m
Rendering template within layouts/comments
Rendering comments/index
  [4;35;1mComment Columns (0.0ms)[0m   [0mSHOW FIELDS FROM `comments`[0m
  [4;36;1mPost Columns (15.0ms)[0m   [0;1mSHOW FIELDS FROM `posts`[0m
  [4;35;1mPost Load (0.0ms)[0m   [0mSELECT * FROM `posts` WHERE (`posts`.`id` = 1) [0m
  [4;36;1mCACHE (0.0ms)[0m   [0;1mSELECT * FROM `posts` WHERE (`posts`.`id` = 1) [0m
  [4;35;1mCACHE (0.0ms)[0m   [0mSELECT * FROM `posts` WHERE (`posts`.`id` = 1) [0m
  [4;36;1mCACHE (0.0ms)[0m   [0;1mSELECT * FROM `posts` WHERE (`posts`.`id` = 1) [0m
  [4;35;1mCACHE (0.0ms)[0m   [0mSELECT * FROM `posts` WHERE (`posts`.`id` = 1) [0m
Completed in 485ms (View: 344, DB: 15) | 200 OK [http://localhost/comments/]
  [4;36;1mSQL (16.0ms)[0m   [0;1mSET NAMES 'utf8'[0m
  [4;35;1mSQL (0.0ms)[0m   [0mSET SQL_AUTO_IS_NULL=0[0m


Processing ApplicationController#index (for 127.0.0.1 at 2010-06-07 11:35:40) [GET]

ActionController::RoutingError (No route matches "/stylesheets/scaffold.css" with {:method=>:get}):
  

Rendering rescues/layout (not_found)
  [4;36;1mSQL (0.0ms)[0m   [0;1mSET NAMES 'utf8'[0m
  [4;35;1mSQL (0.0ms)[0m   [0mSET SQL_AUTO_IS_NULL=0[0m


Processing PostsController#index (for 127.0.0.1 at 2010-06-07 11:35:57) [GET]
  [4;36;1mPost Load (0.0ms)[0m   [0;1mSELECT * FROM `posts` [0m
Rendering template within layouts/posts
Rendering posts/index
  [4;35;1mPost Columns (0.0ms)[0m   [0mSHOW FIELDS FROM `posts`[0m
Completed in 47ms (View: 31, DB: 0) | 200 OK [http://localhost/posts]
  [4;36;1mSQL (0.0ms)[0m   [0;1mSET NAMES 'utf8'[0m
  [4;35;1mSQL (0.0ms)[0m   [0mSET SQL_AUTO_IS_NULL=0[0m


Processing ApplicationController#index (for 127.0.0.1 at 2010-06-07 11:35:57) [GET]

ActionController::RoutingError (No route matches "/stylesheets/scaffold.css" with {:method=>:get}):
  

Rendering rescues/layout (not_found)
  [4;36;1mSQL (0.0ms)[0m   [0;1mSET NAMES 'utf8'[0m
  [4;35;1mSQL (0.0ms)[0m   [0mSET SQL_AUTO_IS_NULL=0[0m


Processing PostsController#new (for 127.0.0.1 at 2010-06-07 11:36:00) [GET]
  [4;36;1mPost Columns (0.0ms)[0m   [0;1mSHOW FIELDS FROM `posts`[0m
Rendering template within layouts/posts
Rendering posts/new
Completed in 62ms (View: 0, DB: 0) | 200 OK [http://localhost/posts/new]
  [4;35;1mSQL (0.0ms)[0m   [0mSET NAMES 'utf8'[0m
  [4;36;1mSQL (0.0ms)[0m   [0;1mSET SQL_AUTO_IS_NULL=0[0m


Processing ApplicationController#index (for 127.0.0.1 at 2010-06-07 11:36:00) [GET]

ActionController::RoutingError (No route matches "/stylesheets/scaffold.css" with {:method=>:get}):
  

Rendering rescues/layout (not_found)
  [4;35;1mSQL (0.0ms)[0m   [0mSET NAMES 'utf8'[0m
  [4;36;1mSQL (0.0ms)[0m   [0;1mSET SQL_AUTO_IS_NULL=0[0m


Processing PostsController#create (for 127.0.0.1 at 2010-06-07 11:36:07) [POST]
  Parameters: {"commit"=>"Create", "authenticity_token"=>"f0OVmXFlIiwnGSYHFM5PCn6++5bQtGRDNEavjADn90w=", "post"=>{"body"=>"dhdjhsjdk", "title"=>"rails"}}
  [4;35;1mPost Columns (16.0ms)[0m   [0mSHOW FIELDS FROM `posts`[0m
  [4;36;1mSQL (0.0ms)[0m   [0;1mBEGIN[0m
  [4;35;1mPost Create (0.0ms)[0m   [0mINSERT INTO `posts` (`updated_at`, `title`, `body`, `created_at`) VALUES('2010-06-07 06:06:07', 'rails', 'dhdjhsjdk', '2010-06-07 06:06:07')[0m
  [4;36;1mSQL (0.0ms)[0m   [0;1mCOMMIT[0m
Redirected to http://localhost:3000/posts/3
Completed in 47ms (DB: 16) | 302 Found [http://localhost/posts]
  [4;35;1mSQL (0.0ms)[0m   [0mSET NAMES 'utf8'[0m
  [4;36;1mSQL (0.0ms)[0m   [0;1mSET SQL_AUTO_IS_NULL=0[0m


Processing PostsController#show (for 127.0.0.1 at 2010-06-07 11:36:07) [GET]
  Parameters: {"id"=>"3"}
  [4;35;1mPost Columns (0.0ms)[0m   [0mSHOW FIELDS FROM `posts`[0m
  [4;36;1mPost Load (0.0ms)[0m   [0;1mSELECT * FROM `posts` WHERE (`posts`.`id` = 3) [0m
Rendering template within layouts/posts
Rendering posts/show
  [4;35;1mComment Load (0.0ms)[0m   [0mSELECT * FROM `comments` WHERE (`comments`.post_id = 3) [0m
  [4;36;1mComment Columns (15.0ms)[0m   [0;1mSHOW FIELDS FROM `comments`[0m
Completed in 187ms (View: 141, DB: 15) | 200 OK [http://localhost/posts/3]
  [4;35;1mSQL (0.0ms)[0m   [0mSET NAMES 'utf8'[0m
  [4;36;1mSQL (0.0ms)[0m   [0;1mSET SQL_AUTO_IS_NULL=0[0m


Processing ApplicationController#index (for 127.0.0.1 at 2010-06-07 11:36:08) [GET]

ActionController::RoutingError (No route matches "/stylesheets/scaffold.css" with {:method=>:get}):
  

Rendering rescues/layout (not_found)
  [4;35;1mSQL (0.0ms)[0m   [0mSET NAMES 'utf8'[0m
  [4;36;1mSQL (0.0ms)[0m   [0;1mSET SQL_AUTO_IS_NULL=0[0m


Processing CommentsController#create (for 127.0.0.1 at 2010-06-07 11:36:16) [POST]
  Parameters: {"commit"=>"Add Comment", "post_id"=>"3", "authenticity_token"=>"f0OVmXFlIiwnGSYHFM5PCn6++5bQtGRDNEavjADn90w=", "comment"=>{"name"=>"rahul", "body"=>"dslkshfj"}}
  [4;35;1mPost Columns (16.0ms)[0m   [0mSHOW FIELDS FROM `posts`[0m
  [4;36;1mPost Load (0.0ms)[0m   [0;1mSELECT * FROM `posts` WHERE (`posts`.`id` = 3) [0m
  [4;35;1mComment Columns (0.0ms)[0m   [0mSHOW FIELDS FROM `comments`[0m
  [4;36;1mSQL (0.0ms)[0m   [0;1mBEGIN[0m
  [4;35;1mComment Create (0.0ms)[0m   [0mINSERT INTO `comments` (`name`, `updated_at`, `body`, `post_id`, `created_at`) VALUES('rahul', '2010-06-07 06:06:16', 'dslkshfj', 3, '2010-06-07 06:06:16')[0m
  [4;36;1mSQL (0.0ms)[0m   [0;1mCOMMIT[0m
Redirected to http://localhost:3000/posts/3
Completed in 78ms (DB: 16) | 302 Found [http://localhost/posts/3/comments]
  [4;35;1mSQL (0.0ms)[0m   [0mSET NAMES 'utf8'[0m
  [4;36;1mSQL (0.0ms)[0m   [0;1mSET SQL_AUTO_IS_NULL=0[0m


Processing PostsController#show (for 127.0.0.1 at 2010-06-07 11:36:16) [GET]
  Parameters: {"id"=>"3"}
  [4;35;1mPost Columns (16.0ms)[0m   [0mSHOW FIELDS FROM `posts`[0m
  [4;36;1mPost Load (0.0ms)[0m   [0;1mSELECT * FROM `posts` WHERE (`posts`.`id` = 3) [0m
Rendering template within layouts/posts
Rendering posts/show
  [4;35;1mComment Load (0.0ms)[0m   [0mSELECT * FROM `comments` WHERE (`comments`.post_id = 3) [0m
  [4;36;1mComment Columns (0.0ms)[0m   [0;1mSHOW FIELDS FROM `comments`[0m
Completed in 94ms (View: 47, DB: 16) | 200 OK [http://localhost/posts/3]
  [4;35;1mSQL (16.0ms)[0m   [0mSET NAMES 'utf8'[0m
  [4;36;1mSQL (0.0ms)[0m   [0;1mSET SQL_AUTO_IS_NULL=0[0m


Processing ApplicationController#index (for 127.0.0.1 at 2010-06-07 11:36:16) [GET]

ActionController::RoutingError (No route matches "/stylesheets/scaffold.css" with {:method=>:get}):
  

Rendering rescues/layout (not_found)
  [4;35;1mSQL (0.0ms)[0m   [0mSET NAMES 'utf8'[0m
  [4;36;1mSQL (0.0ms)[0m   [0;1mSET SQL_AUTO_IS_NULL=0[0m


Processing CommentsController#index (for 127.0.0.1 at 2010-06-07 11:36:25) [GET]
  [4;35;1mComment Load (0.0ms)[0m   [0mSELECT * FROM `comments` [0m
Rendering template within layouts/comments
Rendering comments/index
  [4;36;1mComment Columns (0.0ms)[0m   [0;1mSHOW FIELDS FROM `comments`[0m
  [4;35;1mPost Columns (16.0ms)[0m   [0mSHOW FIELDS FROM `posts`[0m
  [4;36;1mPost Load (0.0ms)[0m   [0;1mSELECT * FROM `posts` WHERE (`posts`.`id` = 1) [0m
  [4;35;1mCACHE (0.0ms)[0m   [0mSELECT * FROM `posts` WHERE (`posts`.`id` = 1) [0m
  [4;36;1mCACHE (0.0ms)[0m   [0;1mSELECT * FROM `posts` WHERE (`posts`.`id` = 1) [0m
  [4;35;1mCACHE (0.0ms)[0m   [0mSELECT * FROM `posts` WHERE (`posts`.`id` = 1) [0m
  [4;36;1mCACHE (0.0ms)[0m   [0;1mSELECT * FROM `posts` WHERE (`posts`.`id` = 1) [0m
  [4;35;1mPost Load (0.0ms)[0m   [0mSELECT * FROM `posts` WHERE (`posts`.`id` = 3) [0m
Completed in 125ms (View: 77, DB: 16) | 200 OK [http://localhost/comments/]
  [4;36;1mSQL (0.0ms)[0m   [0;1mSET NAMES 'utf8'[0m
  [4;35;1mSQL (0.0ms)[0m   [0mSET SQL_AUTO_IS_NULL=0[0m


Processing ApplicationController#index (for 127.0.0.1 at 2010-06-07 11:36:25) [GET]

ActionController::RoutingError (No route matches "/stylesheets/scaffold.css" with {:method=>:get}):
  

Rendering rescues/layout (not_found)
  [4;36;1mSQL (0.0ms)[0m   [0;1mSET NAMES 'utf8'[0m
  [4;35;1mSQL (0.0ms)[0m   [0mSET SQL_AUTO_IS_NULL=0[0m


Processing CommentsController#show (for 127.0.0.1 at 2010-06-07 11:36:28) [GET]
  Parameters: {"id"=>"6"}
  [4;36;1mComment Columns (0.0ms)[0m   [0;1mSHOW FIELDS FROM `comments`[0m
  [4;35;1mComment Load (15.0ms)[0m   [0mSELECT * FROM `comments` WHERE (`comments`.`id` = 6) [0m
Rendering template within layouts/comments
Rendering comments/show
  [4;36;1mPost Columns (15.0ms)[0m   [0;1mSHOW FIELDS FROM `posts`[0m
  [4;35;1mPost Load (0.0ms)[0m   [0mSELECT * FROM `posts` WHERE (`posts`.`id` = 3) [0m
Completed in 94ms (View: 32, DB: 30) | 200 OK [http://localhost/comments/6]
  [4;36;1mSQL (0.0ms)[0m   [0;1mSET NAMES 'utf8'[0m
  [4;35;1mSQL (0.0ms)[0m   [0mSET SQL_AUTO_IS_NULL=0[0m


Processing ApplicationController#index (for 127.0.0.1 at 2010-06-07 11:36:28) [GET]

ActionController::RoutingError (No route matches "/stylesheets/scaffold.css" with {:method=>:get}):
  

Rendering rescues/layout (not_found)
  [4;36;1mSQL (0.0ms)[0m   [0;1mSET NAMES 'utf8'[0m
  [4;35;1mSQL (0.0ms)[0m   [0mSET SQL_AUTO_IS_NULL=0[0m


Processing CommentsController#index (for 127.0.0.1 at 2010-06-07 11:36:30) [GET]
  [4;36;1mComment Load (0.0ms)[0m   [0;1mSELECT * FROM `comments` [0m
Rendering template within layouts/comments
Rendering comments/index
  [4;35;1mComment Columns (0.0ms)[0m   [0mSHOW FIELDS FROM `comments`[0m
  [4;36;1mPost Columns (0.0ms)[0m   [0;1mSHOW FIELDS FROM `posts`[0m
  [4;35;1mPost Load (15.0ms)[0m   [0mSELECT * FROM `posts` WHERE (`posts`.`id` = 1) [0m
  [4;36;1mCACHE (0.0ms)[0m   [0;1mSELECT * FROM `posts` WHERE (`posts`.`id` = 1) [0m
  [4;35;1mCACHE (0.0ms)[0m   [0mSELECT * FROM `posts` WHERE (`posts`.`id` = 1) [0m
  [4;36;1mCACHE (0.0ms)[0m   [0;1mSELECT * FROM `posts` WHERE (`posts`.`id` = 1) [0m
  [4;35;1mCACHE (0.0ms)[0m   [0mSELECT * FROM `posts` WHERE (`posts`.`id` = 1) [0m
  [4;36;1mPost Load (16.0ms)[0m   [0;1mSELECT * FROM `posts` WHERE (`posts`.`id` = 3) [0m
Completed in 281ms (View: 234, DB: 31) | 200 OK [http://localhost/comments]
  [4;35;1mSQL (0.0ms)[0m   [0mSET NAMES 'utf8'[0m
  [4;36;1mSQL (0.0ms)[0m   [0;1mSET SQL_AUTO_IS_NULL=0[0m


Processing ApplicationController#index (for 127.0.0.1 at 2010-06-07 11:36:31) [GET]

ActionController::RoutingError (No route matches "/stylesheets/scaffold.css" with {:method=>:get}):
  

Rendering rescues/layout (not_found)
  [4;35;1mSQL (0.0ms)[0m   [0mSET NAMES 'utf8'[0m
  [4;36;1mSQL (0.0ms)[0m   [0;1mSET SQL_AUTO_IS_NULL=0[0m


Processing CommentsController#destroy (for 127.0.0.1 at 2010-06-07 11:36:34) [DELETE]
  Parameters: {"authenticity_token"=>"f0OVmXFlIiwnGSYHFM5PCn6++5bQtGRDNEavjADn90w=", "id"=>"6"}
  [4;35;1mComment Columns (0.0ms)[0m   [0mSHOW FIELDS FROM `comments`[0m
  [4;36;1mComment Load (0.0ms)[0m   [0;1mSELECT * FROM `comments` WHERE (`comments`.`id` = 6) [0m
  [4;35;1mSQL (0.0ms)[0m   [0mBEGIN[0m
  [4;36;1mComment Destroy (0.0ms)[0m   [0;1mDELETE FROM `comments` WHERE `id` = 6[0m
  [4;35;1mSQL (0.0ms)[0m   [0mCOMMIT[0m
Redirected to http://localhost:3000/comments
Completed in 47ms (DB: 0) | 302 Found [http://localhost/comments/6]
  [4;36;1mSQL (0.0ms)[0m   [0;1mSET NAMES 'utf8'[0m
  [4;35;1mSQL (0.0ms)[0m   [0mSET SQL_AUTO_IS_NULL=0[0m


Processing CommentsController#index (for 127.0.0.1 at 2010-06-07 11:36:35) [GET]
  [4;36;1mComment Load (0.0ms)[0m   [0;1mSELECT * FROM `comments` [0m
Rendering template within layouts/comments
Rendering comments/index
  [4;35;1mComment Columns (16.0ms)[0m   [0mSHOW FIELDS FROM `comments`[0m
  [4;36;1mPost Columns (0.0ms)[0m   [0;1mSHOW FIELDS FROM `posts`[0m
  [4;35;1mPost Load (0.0ms)[0m   [0mSELECT * FROM `posts` WHERE (`posts`.`id` = 1) [0m
  [4;36;1mCACHE (0.0ms)[0m   [0;1mSELECT * FROM `posts` WHERE (`posts`.`id` = 1) [0m
  [4;35;1mCACHE (0.0ms)[0m   [0mSELECT * FROM `posts` WHERE (`posts`.`id` = 1) [0m
  [4;36;1mCACHE (0.0ms)[0m   [0;1mSELECT * FROM `posts` WHERE (`posts`.`id` = 1) [0m
  [4;35;1mCACHE (0.0ms)[0m   [0mSELECT * FROM `posts` WHERE (`posts`.`id` = 1) [0m
Completed in 125ms (View: 78, DB: 16) | 200 OK [http://localhost/comments]
  [4;36;1mSQL (0.0ms)[0m   [0;1mSET NAMES 'utf8'[0m
  [4;35;1mSQL (0.0ms)[0m   [0mSET SQL_AUTO_IS_NULL=0[0m


Processing ApplicationController#index (for 127.0.0.1 at 2010-06-07 11:36:35) [GET]

ActionController::RoutingError (No route matches "/stylesheets/scaffold.css" with {:method=>:get}):
  

Rendering rescues/layout (not_found)
  [4;36;1mSQL (0.0ms)[0m   [0;1mSET NAMES 'utf8'[0m
  [4;35;1mSQL (0.0ms)[0m   [0mSET SQL_AUTO_IS_NULL=0[0m


Processing CommentsController#new (for 127.0.0.1 at 2010-06-07 11:36:37) [GET]
  [4;36;1mComment Columns (0.0ms)[0m   [0;1mSHOW FIELDS FROM `comments`[0m
Rendering template within layouts/comments
Rendering comments/new
Completed in 78ms (View: 31, DB: 0) | 200 OK [http://localhost/comments/new]
  [4;35;1mSQL (0.0ms)[0m   [0mSET NAMES 'utf8'[0m
  [4;36;1mSQL (0.0ms)[0m   [0;1mSET SQL_AUTO_IS_NULL=0[0m


Processing ApplicationController#index (for 127.0.0.1 at 2010-06-07 11:36:37) [GET]

ActionController::RoutingError (No route matches "/stylesheets/scaffold.css" with {:method=>:get}):
  

Rendering rescues/layout (not_found)
  [4;35;1mSQL (0.0ms)[0m   [0mSET NAMES 'utf8'[0m
  [4;36;1mSQL (0.0ms)[0m   [0;1mSET SQL_AUTO_IS_NULL=0[0m


Processing CommentsController#index (for 127.0.0.1 at 2010-06-07 11:36:41) [GET]
  [4;35;1mComment Load (0.0ms)[0m   [0mSELECT * FROM `comments` [0m
Rendering template within layouts/comments
Rendering comments/index
  [4;36;1mComment Columns (0.0ms)[0m   [0;1mSHOW FIELDS FROM `comments`[0m
  [4;35;1mPost Columns (0.0ms)[0m   [0mSHOW FIELDS FROM `posts`[0m
  [4;36;1mPost Load (16.0ms)[0m   [0;1mSELECT * FROM `posts` WHERE (`posts`.`id` = 1) [0m
  [4;35;1mCACHE (0.0ms)[0m   [0mSELECT * FROM `posts` WHERE (`posts`.`id` = 1) [0m
  [4;36;1mCACHE (0.0ms)[0m   [0;1mSELECT * FROM `posts` WHERE (`posts`.`id` = 1) [0m
  [4;35;1mCACHE (0.0ms)[0m   [0mSELECT * FROM `posts` WHERE (`posts`.`id` = 1) [0m
  [4;36;1mCACHE (0.0ms)[0m   [0;1mSELECT * FROM `posts` WHERE (`posts`.`id` = 1) [0m
Completed in 110ms (View: 78, DB: 16) | 200 OK [http://localhost/comments]
  [4;35;1mSQL (0.0ms)[0m   [0mSET NAMES 'utf8'[0m
  [4;36;1mSQL (0.0ms)[0m   [0;1mSET SQL_AUTO_IS_NULL=0[0m


Processing ApplicationController#index (for 127.0.0.1 at 2010-06-07 11:36:41) [GET]

ActionController::RoutingError (No route matches "/stylesheets/scaffold.css" with {:method=>:get}):
  

Rendering rescues/layout (not_found)
  [4;35;1mSQL (0.0ms)[0m   [0mSET NAMES 'utf8'[0m
  [4;36;1mSQL (0.0ms)[0m   [0;1mSET SQL_AUTO_IS_NULL=0[0m


Processing CommentsController#index (for 127.0.0.1 at 2010-06-07 11:36:47) [GET]
  [4;35;1mComment Load (0.0ms)[0m   [0mSELECT * FROM `comments` [0m
Rendering template within layouts/comments
Rendering comments/index
  [4;36;1mComment Columns (0.0ms)[0m   [0;1mSHOW FIELDS FROM `comments`[0m
  [4;35;1mPost Columns (0.0ms)[0m   [0mSHOW FIELDS FROM `posts`[0m
  [4;36;1mPost Load (16.0ms)[0m   [0;1mSELECT * FROM `posts` WHERE (`posts`.`id` = 1) [0m
  [4;35;1mCACHE (0.0ms)[0m   [0mSELECT * FROM `posts` WHERE (`posts`.`id` = 1) [0m
  [4;36;1mCACHE (0.0ms)[0m   [0;1mSELECT * FROM `posts` WHERE (`posts`.`id` = 1) [0m
  [4;35;1mCACHE (0.0ms)[0m   [0mSELECT * FROM `posts` WHERE (`posts`.`id` = 1) [0m
  [4;36;1mCACHE (0.0ms)[0m   [0;1mSELECT * FROM `posts` WHERE (`posts`.`id` = 1) [0m
Completed in 437ms (View: 390, DB: 16) | 200 OK [http://localhost/comments/]
  [4;35;1mSQL (0.0ms)[0m   [0mSET NAMES 'utf8'[0m
  [4;36;1mSQL (0.0ms)[0m   [0;1mSET SQL_AUTO_IS_NULL=0[0m


Processing ApplicationController#index (for 127.0.0.1 at 2010-06-07 11:36:48) [GET]

ActionController::RoutingError (No route matches "/stylesheets/scaffold.css" with {:method=>:get}):
  

Rendering rescues/layout (not_found)
  [4;35;1mSQL (15.0ms)[0m   [0mSET NAMES 'utf8'[0m
  [4;36;1mSQL (0.0ms)[0m   [0;1mSET SQL_AUTO_IS_NULL=0[0m


Processing PostsController#index (for 127.0.0.1 at 2010-06-07 11:36:57) [GET]
  [4;35;1mPost Load (0.0ms)[0m   [0mSELECT * FROM `posts` [0m
Rendering template within layouts/posts
Rendering posts/index
  [4;36;1mPost Columns (0.0ms)[0m   [0;1mSHOW FIELDS FROM `posts`[0m
Completed in 63ms (View: 47, DB: 15) | 200 OK [http://localhost/posts/]
  [4;35;1mSQL (0.0ms)[0m   [0mSET NAMES 'utf8'[0m
  [4;36;1mSQL (0.0ms)[0m   [0;1mSET SQL_AUTO_IS_NULL=0[0m


Processing ApplicationController#index (for 127.0.0.1 at 2010-06-07 11:36:57) [GET]

ActionController::RoutingError (No route matches "/stylesheets/scaffold.css" with {:method=>:get}):
  

Rendering rescues/layout (not_found)
  [4;35;1mSQL (0.0ms)[0m   [0mSET NAMES 'utf8'[0m
  [4;36;1mSQL (0.0ms)[0m   [0;1mSET SQL_AUTO_IS_NULL=0[0m


Processing PostsController#show (for 127.0.0.1 at 2010-06-07 11:37:02) [GET]
  Parameters: {"id"=>"3"}
  [4;35;1mPost Columns (0.0ms)[0m   [0mSHOW FIELDS FROM `posts`[0m
  [4;36;1mPost Load (0.0ms)[0m   [0;1mSELECT * FROM `posts` WHERE (`posts`.`id` = 3) [0m
Rendering template within layouts/posts
Rendering posts/show
  [4;35;1mComment Load (0.0ms)[0m   [0mSELECT * FROM `comments` WHERE (`comments`.post_id = 3) [0m
  [4;36;1mComment Columns (0.0ms)[0m   [0;1mSHOW FIELDS FROM `comments`[0m
Completed in 63ms (View: 47, DB: 0) | 200 OK [http://localhost/posts/3]
  [4;35;1mSQL (0.0ms)[0m   [0mSET NAMES 'utf8'[0m
  [4;36;1mSQL (0.0ms)[0m   [0;1mSET SQL_AUTO_IS_NULL=0[0m


Processing ApplicationController#index (for 127.0.0.1 at 2010-06-07 11:37:02) [GET]

ActionController::RoutingError (No route matches "/stylesheets/scaffold.css" with {:method=>:get}):
  

Rendering rescues/layout (not_found)
  [4;35;1mSQL (0.0ms)[0m   [0mSET NAMES 'utf8'[0m
  [4;36;1mSQL (0.0ms)[0m   [0;1mSET SQL_AUTO_IS_NULL=0[0m


Processing PostsController#index (for 127.0.0.1 at 2010-06-07 11:37:06) [GET]
  [4;35;1mPost Load (0.0ms)[0m   [0mSELECT * FROM `posts` [0m
Rendering template within layouts/posts
Rendering posts/index
  [4;36;1mPost Columns (0.0ms)[0m   [0;1mSHOW FIELDS FROM `posts`[0m
Completed in 79ms (View: 47, DB: 0) | 200 OK [http://localhost/posts/]
  [4;35;1mSQL (0.0ms)[0m   [0mSET NAMES 'utf8'[0m
  [4;36;1mSQL (0.0ms)[0m   [0;1mSET SQL_AUTO_IS_NULL=0[0m


Processing ApplicationController#index (for 127.0.0.1 at 2010-06-07 11:37:06) [GET]

ActionController::RoutingError (No route matches "/stylesheets/scaffold.css" with {:method=>:get}):
  

Rendering rescues/layout (not_found)
  [4;35;1mSQL (0.0ms)[0m   [0mSET NAMES 'utf8'[0m
  [4;36;1mSQL (0.0ms)[0m   [0;1mSET SQL_AUTO_IS_NULL=0[0m


Processing PostsController#show (for 127.0.0.1 at 2010-06-07 11:37:08) [GET]
  Parameters: {"id"=>"1"}
  [4;35;1mPost Columns (0.0ms)[0m   [0mSHOW FIELDS FROM `posts`[0m
  [4;36;1mPost Load (0.0ms)[0m   [0;1mSELECT * FROM `posts` WHERE (`posts`.`id` = 1) [0m
Rendering template within layouts/posts
Rendering posts/show
  [4;35;1mComment Load (0.0ms)[0m   [0mSELECT * FROM `comments` WHERE (`comments`.post_id = 1) [0m
  [4;36;1mComment Columns (16.0ms)[0m   [0;1mSHOW FIELDS FROM `comments`[0m
Completed in 94ms (View: 46, DB: 16) | 200 OK [http://localhost/posts/1]
  [4;35;1mSQL (0.0ms)[0m   [0mSET NAMES 'utf8'[0m
  [4;36;1mSQL (0.0ms)[0m   [0;1mSET SQL_AUTO_IS_NULL=0[0m


Processing ApplicationController#index (for 127.0.0.1 at 2010-06-07 11:37:08) [GET]

ActionController::RoutingError (No route matches "/stylesheets/scaffold.css" with {:method=>:get}):
  

Rendering rescues/layout (not_found)
  [4;35;1mSQL (0.0ms)[0m   [0mSET NAMES 'utf8'[0m
  [4;36;1mSQL (0.0ms)[0m   [0;1mSET SQL_AUTO_IS_NULL=0[0m


Processing PostsController#index (for 127.0.0.1 at 2010-06-07 11:37:21) [GET]
  [4;35;1mPost Load (0.0ms)[0m   [0mSELECT * FROM `posts` [0m
Rendering template within layouts/posts
Rendering posts/index
  [4;36;1mPost Columns (0.0ms)[0m   [0;1mSHOW FIELDS FROM `posts`[0m
Completed in 63ms (View: 47, DB: 0) | 200 OK [http://localhost/posts/]
  [4;35;1mSQL (0.0ms)[0m   [0mSET NAMES 'utf8'[0m
  [4;36;1mSQL (0.0ms)[0m   [0;1mSET SQL_AUTO_IS_NULL=0[0m


Processing ApplicationController#index (for 127.0.0.1 at 2010-06-07 11:37:22) [GET]

ActionController::RoutingError (No route matches "/stylesheets/scaffold.css" with {:method=>:get}):
  

Rendering rescues/layout (not_found)
  [4;35;1mSQL (0.0ms)[0m   [0mSET NAMES 'utf8'[0m
  [4;36;1mSQL (0.0ms)[0m   [0;1mSET SQL_AUTO_IS_NULL=0[0m


Processing PostsController#show (for 127.0.0.1 at 2010-06-07 11:37:42) [GET]
  Parameters: {"id"=>"2"}
  [4;35;1mPost Columns (0.0ms)[0m   [0mSHOW FIELDS FROM `posts`[0m
  [4;36;1mPost Load (15.0ms)[0m   [0;1mSELECT * FROM `posts` WHERE (`posts`.`id` = 2) [0m
Rendering template within layouts/posts
Rendering posts/show
  [4;35;1mComment Load (0.0ms)[0m   [0mSELECT * FROM `comments` WHERE (`comments`.post_id = 2) [0m
  [4;36;1mComment Columns (0.0ms)[0m   [0;1mSHOW FIELDS FROM `comments`[0m
Completed in 63ms (View: 32, DB: 15) | 200 OK [http://localhost/posts/2]
  [4;35;1mSQL (0.0ms)[0m   [0mSET NAMES 'utf8'[0m
  [4;36;1mSQL (0.0ms)[0m   [0;1mSET SQL_AUTO_IS_NULL=0[0m


Processing ApplicationController#index (for 127.0.0.1 at 2010-06-07 11:37:43) [GET]

ActionController::RoutingError (No route matches "/stylesheets/scaffold.css" with {:method=>:get}):
  

Rendering rescues/layout (not_found)
  [4;35;1mSQL (0.0ms)[0m   [0mSET NAMES 'utf8'[0m
  [4;36;1mSQL (0.0ms)[0m   [0;1mSET SQL_AUTO_IS_NULL=0[0m


Processing CommentsController#create (for 127.0.0.1 at 2010-06-07 11:37:53) [POST]
  Parameters: {"commit"=>"Add Comment", "post_id"=>"2", "authenticity_token"=>"f0OVmXFlIiwnGSYHFM5PCn6++5bQtGRDNEavjADn90w=", "comment"=>{"name"=>"sony", "body"=>"sdhldk"}}
  [4;35;1mPost Columns (16.0ms)[0m   [0mSHOW FIELDS FROM `posts`[0m
  [4;36;1mPost Load (0.0ms)[0m   [0;1mSELECT * FROM `posts` WHERE (`posts`.`id` = 2) [0m
  [4;35;1mComment Columns (0.0ms)[0m   [0mSHOW FIELDS FROM `comments`[0m
  [4;36;1mSQL (0.0ms)[0m   [0;1mBEGIN[0m
  [4;35;1mComment Create (0.0ms)[0m   [0mINSERT INTO `comments` (`name`, `updated_at`, `body`, `post_id`, `created_at`) VALUES('sony', '2010-06-07 06:07:53', 'sdhldk', 2, '2010-06-07 06:07:53')[0m
  [4;36;1mSQL (0.0ms)[0m   [0;1mCOMMIT[0m
Redirected to http://localhost:3000/posts/2
Completed in 62ms (DB: 16) | 302 Found [http://localhost/posts/2/comments]
  [4;35;1mSQL (0.0ms)[0m   [0mSET NAMES 'utf8'[0m
  [4;36;1mSQL (0.0ms)[0m   [0;1mSET SQL_AUTO_IS_NULL=0[0m


Processing PostsController#show (for 127.0.0.1 at 2010-06-07 11:37:53) [GET]
  Parameters: {"id"=>"2"}
  [4;35;1mPost Columns (0.0ms)[0m   [0mSHOW FIELDS FROM `posts`[0m
  [4;36;1mPost Load (16.0ms)[0m   [0;1mSELECT * FROM `posts` WHERE (`posts`.`id` = 2) [0m
Rendering template within layouts/posts
Rendering posts/show
  [4;35;1mComment Load (0.0ms)[0m   [0mSELECT * FROM `comments` WHERE (`comments`.post_id = 2) [0m
  [4;36;1mComment Columns (16.0ms)[0m   [0;1mSHOW FIELDS FROM `comments`[0m
Completed in 78ms (View: 30, DB: 32) | 200 OK [http://localhost/posts/2]
  [4;35;1mSQL (0.0ms)[0m   [0mSET NAMES 'utf8'[0m
  [4;36;1mSQL (0.0ms)[0m   [0;1mSET SQL_AUTO_IS_NULL=0[0m


Processing ApplicationController#index (for 127.0.0.1 at 2010-06-07 11:37:54) [GET]

ActionController::RoutingError (No route matches "/stylesheets/scaffold.css" with {:method=>:get}):
  

Rendering rescues/layout (not_found)
  [4;35;1mSQL (0.0ms)[0m   [0mSET NAMES 'utf8'[0m
  [4;36;1mSQL (0.0ms)[0m   [0;1mSET SQL_AUTO_IS_NULL=0[0m


Processing PostsController#index (for 127.0.0.1 at 2010-06-07 11:38:08) [GET]
  [4;35;1mPost Load (0.0ms)[0m   [0mSELECT * FROM `posts` [0m
Rendering template within layouts/posts
Rendering posts/index
  [4;36;1mPost Columns (0.0ms)[0m   [0;1mSHOW FIELDS FROM `posts`[0m
Completed in 62ms (View: 31, DB: 0) | 200 OK [http://localhost/posts/]
  [4;35;1mSQL (0.0ms)[0m   [0mSET NAMES 'utf8'[0m
  [4;36;1mSQL (0.0ms)[0m   [0;1mSET SQL_AUTO_IS_NULL=0[0m


Processing ApplicationController#index (for 127.0.0.1 at 2010-06-07 11:38:08) [GET]

ActionController::RoutingError (No route matches "/stylesheets/scaffold.css" with {:method=>:get}):
  

Rendering rescues/layout (not_found)
  [4;35;1mSQL (0.0ms)[0m   [0mSET NAMES 'utf8'[0m
  [4;36;1mSQL (0.0ms)[0m   [0;1mSET SQL_AUTO_IS_NULL=0[0m


Processing PostsController#destroy (for 127.0.0.1 at 2010-06-07 11:38:16) [DELETE]
  Parameters: {"authenticity_token"=>"f0OVmXFlIiwnGSYHFM5PCn6++5bQtGRDNEavjADn90w=", "id"=>"2"}
  [4;35;1mPost Columns (0.0ms)[0m   [0mSHOW FIELDS FROM `posts`[0m
  [4;36;1mPost Load (0.0ms)[0m   [0;1mSELECT * FROM `posts` WHERE (`posts`.`id` = 2) [0m
  [4;35;1mSQL (0.0ms)[0m   [0mBEGIN[0m
  [4;36;1mPost Destroy (0.0ms)[0m   [0;1mDELETE FROM `posts` WHERE `id` = 2[0m
  [4;35;1mSQL (16.0ms)[0m   [0mCOMMIT[0m
Redirected to http://localhost:3000/posts
Completed in 47ms (DB: 16) | 302 Found [http://localhost/posts/2]
  [4;36;1mSQL (0.0ms)[0m   [0;1mSET NAMES 'utf8'[0m
  [4;35;1mSQL (0.0ms)[0m   [0mSET SQL_AUTO_IS_NULL=0[0m


Processing PostsController#index (for 127.0.0.1 at 2010-06-07 11:38:16) [GET]
  [4;36;1mPost Load (0.0ms)[0m   [0;1mSELECT * FROM `posts` [0m
Rendering template within layouts/posts
Rendering posts/index
  [4;35;1mPost Columns (0.0ms)[0m   [0mSHOW FIELDS FROM `posts`[0m
Completed in 47ms (View: 16, DB: 0) | 200 OK [http://localhost/posts]
  [4;36;1mSQL (0.0ms)[0m   [0;1mSET NAMES 'utf8'[0m
  [4;35;1mSQL (16.0ms)[0m   [0mSET SQL_AUTO_IS_NULL=0[0m


Processing ApplicationController#index (for 127.0.0.1 at 2010-06-07 11:38:17) [GET]

ActionController::RoutingError (No route matches "/stylesheets/scaffold.css" with {:method=>:get}):
  

Rendering rescues/layout (not_found)
